#
# A fatal error has been detected by the Java Runtime Environment:
#
#  SIGSEGV (0xb) at pc=0x00007fb3e9ea0080, pid=27999, tid=140410689681152
#
# JRE version: Java(TM) SE Runtime Environment (7.0_40-b43) (build 1.7.0_40-b43)
# Java VM: Java HotSpot(TM) 64-Bit Server VM (24.0-b56 mixed mode linux-amd64 compressed oops)
# Problematic frame:
# C  [libfreenect.so.0.1+0x8080]
#
# Failed to write core dump. Core dumps have been disabled. To enable core dumping, try "ulimit -c unlimited" before starting Java again
#
# If you would like to submit a bug report, please visit:
#   http://bugreport.sun.com/bugreport/crash.jsp
#

---------------  T H R E A D  ---------------

Current thread is native thread

siginfo:si_signo=SIGSEGV: si_errno=0, si_code=1 (SEGV_MAPERR), si_addr=0x0000000000000ffe

Registers:
RAX=0x0000000000000ffe, RBX=0x00007fb40592b2d0, RCX=0x000000000000ffff, RDX=0x0000000000000000
RSP=0x00007fb3e947ea48, RBP=0x00007fb3e947ea90, RSI=0x00007fb3e947ea80, RDI=0x00007fb405c5f889
R8 =0x0000000000067200, R9 =0x00000000000000f2, R10=0x0000000000006608, R11=0x0000000000000246
R12=0x00007fb405923580, R13=0x00007fb40592b328, R14=0x0000000000000000, R15=0x0000000000000000
RIP=0x00007fb3e9ea0080, EFLAGS=0x0000000000010202, CSGSFS=0x0000000000000033, ERR=0x0000000000000004
  TRAPNO=0x000000000000000e

Top of Stack: (sp=0x00007fb3e947ea48)
0x00007fb3e947ea48:   00007fb405b91db0 00007fb405c5f894
0x00007fb3e947ea58:   00007fb4058da4c0 0000000200000003
0x00007fb3e947ea68:   0000005c00007200 0000000400000103
0x00007fb3e947ea78:   00007fb4058da648 07ff07ff07ff07ff
0x00007fb3e947ea88:   07ff07ff07ff07ff 00007fb3e947eae0
0x00007fb3e947ea98:   00007fb3e9e9b599 00007fb4000000f2
0x00007fb3e947eaa8:   00007fb3cb994d3b 00007fb4680ad8a4
0x00007fb3e947eab8:   0000047800000020 00007fb405c95150
0x00007fb3e947eac8:   00007fb4058da4c0 0006720005d08fd8
0x00007fb3e947ead8:   00007fb4058f72a0 00007fb3e947eb30
0x00007fb3e947eae8:   00007fb3e9e9f4af 0000000000000000
0x00007fb3e947eaf8:   00007fb40592b328 0000000000000000
0x00007fb3e947eb08:   0000000de9c88a61 0000000000000000
0x00007fb3e947eb18:   00007fb405c95150 00007fb4058da4f0
0x00007fb3e947eb28:   00007fb4058f72a0 00007fb4058f72e0
0x00007fb3e947eb38:   00007fb3e9c89648 00007fb40592b434
0x00007fb3e947eb48:   000000000592b428 00007fb40592b328
0x00007fb3e947eb58:   0000000000000000 00007fb40592b418
0x00007fb3e947eb68:   00007fb40592b2d0 00007fb3e40010f0
0x00007fb3e947eb78:   00007fb40592b428 00007fb40592b328
0x00007fb3e947eb88:   00007fb3e9c8edd8 0000000000000001
0x00007fb3e947eb98:   00007fb405923580 00007fb3e947ebf8
0x00007fb3e947eba8:   0000000100000003 00007fb40592b2d0
0x00007fb3e947ebb8:   00007fb40592b300 00007fb3e40009c0
0x00007fb3e947ebc8:   0000000000000004 00007fb4058f7328
0x00007fb3e947ebd8:   0000000100000000 00007fb4058f72e0
0x00007fb3e947ebe8:   00007fb4058f7338 0000000000000020
0x00007fb3e947ebf8:   00007fb3e40010f0 00007fb3e947eca0
0x00007fb3e947ec08:   0000000000000001 00007fb4058f72e0
0x00007fb3e947ec18:   00007fb3e947eca0 00007fb3e40009c0
0x00007fb3e947ec28:   0000000000000004 00007fb4058f73d8
0x00007fb3e947ec38:   00007fb3e9c89358 00007fb3e947f9c0 

Instructions: (pc=0x00007fb3e9ea0080)
0x00007fb3e9ea0060:   83 45 c0 0b 48 8b 45 e8 48 8b 90 98 00 00 00 8b
0x00007fb3e9ea0070:   45 e4 0f b7 44 45 f0 0f b7 c0 48 01 c0 48 01 d0
0x00007fb3e9ea0080:   0f b7 00 66 89 45 da 83 45 e4 01 8b 55 e0 89 d0
0x00007fb3e9ea0090:   c1 e0 02 01 d0 c1 e0 07 89 c2 8b 45 dc 01 d0 89 

Register to memory mapping:

RAX=0x0000000000000ffe is an unknown value
RBX=0x00007fb40592b2d0 is an unknown value
RCX=0x000000000000ffff is an unknown value
RDX=0x0000000000000000 is an unknown value
RSP=0x00007fb3e947ea48 is an unknown value
RBP=0x00007fb3e947ea90 is an unknown value
RSI=0x00007fb3e947ea80 is an unknown value
RDI=0x00007fb405c5f889 is an unknown value
R8 =0x0000000000067200 is an unknown value
R9 =0x00000000000000f2 is an unknown value
R10=0x0000000000006608 is an unknown value
R11=0x0000000000000246 is an unknown value
R12=0x00007fb405923580 is an unknown value
R13=0x00007fb40592b328 is an unknown value
R14=0x0000000000000000 is an unknown value
R15=0x0000000000000000 is an unknown value


Stack: [0x00007fb3e8c7f000,0x00007fb3e9480000],  sp=0x00007fb3e947ea48,  free space=8190k
Native frames: (J=compiled Java code, j=interpreted, Vv=VM code, C=native code)
C  [libfreenect.so.0.1+0x8080]
C  [libfreenect.so.0.1+0x3599]
C  [libfreenect.so.0.1+0x74af]


---------------  P R O C E S S  ---------------

VM state:not at safepoint (normal execution)

VM Mutex/Monitor currently owned by a thread: None

Heap
 PSYoungGen      total 112640K, used 58590K [0x00000000d8a80000, 0x00000000e8200000, 0x0000000100000000)
  eden space 111616K, 51% used [0x00000000d8a80000,0x00000000dc317828,0x00000000df780000)
  from space 1024K, 62% used [0x00000000e8100000,0x00000000e81a0000,0x00000000e8200000)
  to   space 27136K, 0% used [0x00000000e4d00000,0x00000000e4d00000,0x00000000e6780000)
 ParOldGen       total 80384K, used 36271K [0x000000008a000000, 0x000000008ee80000, 0x00000000d8a80000)
  object space 80384K, 45% used [0x000000008a000000,0x000000008c36bed0,0x000000008ee80000)
 PSPermGen       total 21504K, used 17530K [0x0000000084e00000, 0x0000000086300000, 0x000000008a000000)
  object space 21504K, 81% used [0x0000000084e00000,0x0000000085f1e808,0x0000000086300000)

Card table byte_map: [0x00007fb464bdc000,0x00007fb464fb6000] byte_map_base: 0x00007fb4647b5000

Polling page: 0x00007fb4684df000

Code Cache  [0x00007fb45d000000, 0x00007fb45d2b0000, 0x00007fb460000000)
 total_blobs=1634 nmethods=764 adapters=831 free_code_cache=46481Kb largest_free_block=47555840

Compilation events (10 events):
Event: 1833.576 Thread 0x00007fb4600a4000  768             processing.core.PApplet::color (122 bytes)
Event: 1833.577 Thread 0x00007fb4600a7000  769             dlectricity2014$Person::drawLines (221 bytes)
Event: 1833.579 Thread 0x00007fb4600a4000 nmethod 768 0x00007fb45d29b210 code [0x00007fb45d29b360, 0x00007fb45d29b448]
Event: 1833.579 Thread 0x00007fb4600a4000  770             processing.core.PApplet::noFill (22 bytes)
Event: 1833.581 Thread 0x00007fb4600a4000 nmethod 770 0x00007fb45d29af50 code [0x00007fb45d29b0a0, 0x00007fb45d29b158]
Event: 1833.581 Thread 0x00007fb4600a4000  771             processing.core.PApplet::stroke (28 bytes)
Event: 1833.606 Thread 0x00007fb4600a7000 nmethod 769 0x00007fb45d29bad0 code [0x00007fb45d29bd60, 0x00007fb45d29c508]
Event: 1833.606 Thread 0x00007fb4600a7000  772             processing.core.PApplet::strokeWeight (24 bytes)
Event: 1833.609 Thread 0x00007fb4600a4000 nmethod 771 0x00007fb45d29b550 code [0x00007fb45d29b6a0, 0x00007fb45d29b888]
Event: 1833.609 Thread 0x00007fb4600a7000 nmethod 772 0x00007fb45d29ac10 code [0x00007fb45d29ad60, 0x00007fb45d29ae58]

GC Heap History (10 events):
Event: 435.665 GC heap before
{Heap before GC invocations=6 (full 0):
 PSYoungGen      total 67072K, used 67042K [0x00000000d8a80000, 0x00000000e4580000, 0x0000000100000000)
  eden space 62464K, 100% used [0x00000000d8a80000,0x00000000dc780000,0x00000000dc780000)
  from space 4608K, 99% used [0x00000000dc780000,0x00000000dcbf8880,0x00000000dcc00000)
  to   space 33280K, 0% used [0x00000000e2500000,0x00000000e2500000,0x00000000e4580000)
 ParOldGen       total 80384K, used 31846K [0x000000008a000000, 0x000000008ee80000, 0x00000000d8a80000)
  object space 80384K, 39% used [0x000000008a000000,0x000000008bf199f0,0x000000008ee80000)
 PSPermGen       total 21504K, used 17393K [0x0000000084e00000, 0x0000000086300000, 0x000000008a000000)
  object space 21504K, 80% used [0x0000000084e00000,0x0000000085efc558,0x0000000086300000)
Event: 435.675 GC heap after
Heap after GC invocations=6 (full 0):
 PSYoungGen      total 154112K, used 4802K [0x00000000d8a80000, 0x00000000e4180000, 0x0000000100000000)
  eden space 124928K, 0% used [0x00000000d8a80000,0x00000000d8a80000,0x00000000e0480000)
  from space 29184K, 16% used [0x00000000e2500000,0x00000000e29b08a0,0x00000000e4180000)
  to   space 31232K, 0% used [0x00000000e0480000,0x00000000e0480000,0x00000000e2300000)
 ParOldGen       total 80384K, used 31846K [0x000000008a000000, 0x000000008ee80000, 0x00000000d8a80000)
  object space 80384K, 39% used [0x000000008a000000,0x000000008bf199f0,0x000000008ee80000)
 PSPermGen       total 21504K, used 17393K [0x0000000084e00000, 0x0000000086300000, 0x000000008a000000)
  object space 21504K, 80% used [0x0000000084e00000,0x0000000085efc558,0x0000000086300000)
}
Event: 749.047 GC heap before
{Heap before GC invocations=7 (full 0):
 PSYoungGen      total 154112K, used 129730K [0x00000000d8a80000, 0x00000000e4180000, 0x0000000100000000)
  eden space 124928K, 100% used [0x00000000d8a80000,0x00000000e0480000,0x00000000e0480000)
  from space 29184K, 16% used [0x00000000e2500000,0x00000000e29b08a0,0x00000000e4180000)
  to   space 31232K, 0% used [0x00000000e0480000,0x00000000e0480000,0x00000000e2300000)
 ParOldGen       total 80384K, used 31846K [0x000000008a000000, 0x000000008ee80000, 0x00000000d8a80000)
  object space 80384K, 39% used [0x000000008a000000,0x000000008bf199f0,0x000000008ee80000)
 PSPermGen       total 21504K, used 17393K [0x0000000084e00000, 0x0000000086300000, 0x000000008a000000)
  object space 21504K, 80% used [0x0000000084e00000,0x0000000085efc620,0x0000000086300000)
Event: 749.070 GC heap after
Heap after GC invocations=7 (full 0):
 PSYoungGen      total 156160K, used 832K [0x00000000d8a80000, 0x00000000eb980000, 0x0000000100000000)
  eden space 124928K, 0% used [0x00000000d8a80000,0x00000000d8a80000,0x00000000e0480000)
  from space 31232K, 2% used [0x00000000e0480000,0x00000000e0550010,0x00000000e2300000)
  to   space 30208K, 0% used [0x00000000e9c00000,0x00000000e9c00000,0x00000000eb980000)
 ParOldGen       total 80384K, used 36039K [0x000000008a000000, 0x000000008ee80000, 0x00000000d8a80000)
  object space 80384K, 44% used [0x000000008a000000,0x000000008c331ec0,0x000000008ee80000)
 PSPermGen       total 21504K, used 17393K [0x0000000084e00000, 0x0000000086300000, 0x000000008a000000)
  object space 21504K, 80% used [0x0000000084e00000,0x0000000085efc620,0x0000000086300000)
}
Event: 1074.618 GC heap before
{Heap before GC invocations=8 (full 0):
 PSYoungGen      total 156160K, used 125760K [0x00000000d8a80000, 0x00000000eb980000, 0x0000000100000000)
  eden space 124928K, 100% used [0x00000000d8a80000,0x00000000e0480000,0x00000000e0480000)
  from space 31232K, 2% used [0x00000000e0480000,0x00000000e0550010,0x00000000e2300000)
  to   space 30208K, 0% used [0x00000000e9c00000,0x00000000e9c00000,0x00000000eb980000)
 ParOldGen       total 80384K, used 36039K [0x000000008a000000, 0x000000008ee80000, 0x00000000d8a80000)
  object space 80384K, 44% used [0x000000008a000000,0x000000008c331ec0,0x000000008ee80000)
 PSPermGen       total 21504K, used 17393K [0x0000000084e00000, 0x0000000086300000, 0x000000008a000000)
  object space 21504K, 80% used [0x0000000084e00000,0x0000000085efc6a0,0x0000000086300000)
Event: 1074.629 GC heap after
Heap after GC invocations=8 (full 0):
 PSYoungGen      total 121344K, used 704K [0x00000000d8a80000, 0x00000000e9d00000, 0x0000000100000000)
  eden space 120320K, 0% used [0x00000000d8a80000,0x00000000d8a80000,0x00000000e0000000)
  from space 1024K, 68% used [0x00000000e9c00000,0x00000000e9cb0000,0x00000000e9d00000)
  to   space 29184K, 0% used [0x00000000e6400000,0x00000000e6400000,0x00000000e8080000)
 ParOldGen       total 80384K, used 36239K [0x000000008a000000, 0x000000008ee80000, 0x00000000d8a80000)
  object space 80384K, 45% used [0x000000008a000000,0x000000008c363ed0,0x000000008ee80000)
 PSPermGen       total 21504K, used 17393K [0x0000000084e00000, 0x0000000086300000, 0x000000008a000000)
  object space 21504K, 80% used [0x0000000084e00000,0x0000000085efc6a0,0x0000000086300000)
}
Event: 1403.263 GC heap before
{Heap before GC invocations=9 (full 0):
 PSYoungGen      total 121344K, used 121024K [0x00000000d8a80000, 0x00000000e9d00000, 0x0000000100000000)
  eden space 120320K, 100% used [0x00000000d8a80000,0x00000000e0000000,0x00000000e0000000)
  from space 1024K, 68% used [0x00000000e9c00000,0x00000000e9cb0000,0x00000000e9d00000)
  to   space 29184K, 0% used [0x00000000e6400000,0x00000000e6400000,0x00000000e8080000)
 ParOldGen       total 80384K, used 36239K [0x000000008a000000, 0x000000008ee80000, 0x00000000d8a80000)
  object space 80384K, 45% used [0x000000008a000000,0x000000008c363ed0,0x000000008ee80000)
 PSPermGen       total 21504K, used 17393K [0x0000000084e00000, 0x0000000086300000, 0x000000008a000000)
  object space 21504K, 80% used [0x0000000084e00000,0x0000000085efc6e0,0x0000000086300000)
Event: 1403.281 GC heap after
Heap after GC invocations=9 (full 0):
 PSYoungGen      total 144896K, used 736K [0x00000000d8a80000, 0x00000000e9c80000, 0x0000000100000000)
  eden space 115712K, 0% used [0x00000000d8a80000,0x00000000d8a80000,0x00000000dfb80000)
  from space 29184K, 2% used [0x00000000e6400000,0x00000000e64b8000,0x00000000e8080000)
  to   space 28160K, 0% used [0x00000000e8100000,0x00000000e8100000,0x00000000e9c80000)
 ParOldGen       total 80384K, used 36263K [0x000000008a000000, 0x000000008ee80000, 0x00000000d8a80000)
  object space 80384K, 45% used [0x000000008a000000,0x000000008c369ed0,0x000000008ee80000)
 PSPermGen       total 21504K, used 17393K [0x0000000084e00000, 0x0000000086300000, 0x000000008a000000)
  object space 21504K, 80% used [0x0000000084e00000,0x0000000085efc6e0,0x0000000086300000)
}
Event: 1714.692 GC heap before
{Heap before GC invocations=10 (full 0):
 PSYoungGen      total 144896K, used 116448K [0x00000000d8a80000, 0x00000000e9c80000, 0x0000000100000000)
  eden space 115712K, 100% used [0x00000000d8a80000,0x00000000dfb80000,0x00000000dfb80000)
  from space 29184K, 2% used [0x00000000e6400000,0x00000000e64b8000,0x00000000e8080000)
  to   space 28160K, 0% used [0x00000000e8100000,0x00000000e8100000,0x00000000e9c80000)
 ParOldGen       total 80384K, used 36263K [0x000000008a000000, 0x000000008ee80000, 0x00000000d8a80000)
  object space 80384K, 45% used [0x000000008a000000,0x000000008c369ed0,0x000000008ee80000)
 PSPermGen       total 21504K, used 17396K [0x0000000084e00000, 0x0000000086300000, 0x000000008a000000)
  object space 21504K, 80% used [0x0000000084e00000,0x0000000085efd220,0x0000000086300000)
Event: 1714.706 GC heap after
Heap after GC invocations=10 (full 0):
 PSYoungGen      total 112640K, used 640K [0x00000000d8a80000, 0x00000000e8200000, 0x0000000100000000)
  eden space 111616K, 0% used [0x00000000d8a80000,0x00000000d8a80000,0x00000000df780000)
  from space 1024K, 62% used [0x00000000e8100000,0x00000000e81a0000,0x00000000e8200000)
  to   space 27136K, 0% used [0x00000000e4d00000,0x00000000e4d00000,0x00000000e6780000)
 ParOldGen       total 80384K, used 36271K [0x000000008a000000, 0x000000008ee80000, 0x00000000d8a80000)
  object space 80384K, 45% used [0x000000008a000000,0x000000008c36bed0,0x000000008ee80000)
 PSPermGen       total 21504K, used 17396K [0x0000000084e00000, 0x0000000086300000, 0x000000008a000000)
  object space 21504K, 80% used [0x0000000084e00000,0x0000000085efd220,0x0000000086300000)
}

Deoptimization events (10 events):
Event: 1851.888 Thread 0x00007fb4602b7000 Uncommon trap: reason=uninitialized action=reinterpret pc=0x00007fb45d21fda0 method=processing.core.PApplet.dequeueEvents()V @ 12
Event: 1851.890 Thread 0x00007fb4602b7000 Uncommon trap: reason=unhandled action=none pc=0x00007fb45d1d00f0 method=jogamp.opengl.awt.Java2D.checkActive()V @ 15
Event: 1851.891 Thread 0x00007fb4602b7000 Uncommon trap: reason=class_check action=maybe_recompile pc=0x00007fb45d1f5320 method=java.awt.event.InvocationEvent.dispatch()V @ 11
Event: 1851.891 Thread 0x00007fb4602b7000 Uncommon trap: reason=unhandled action=none pc=0x00007fb45d1d00f0 method=jogamp.opengl.awt.Java2D.checkActive()V @ 15
Event: 1851.892 Thread 0x00007fb4602b7000 Uncommon trap: reason=unhandled action=none pc=0x00007fb45d1d00f0 method=jogamp.opengl.awt.Java2D.checkActive()V @ 15
Event: 1851.893 Thread 0x00007fb4602ca800 Uncommon trap: reason=class_check action=maybe_recompile pc=0x00007fb45d1af530 method=java.util.HashMap.put(Ljava/lang/Object;Ljava/lang/Object;)Ljava/lang/Object; @ 83
Event: 1851.893 Thread 0x00007fb4602ca800 Uncommon trap: reason=class_check action=maybe_recompile pc=0x00007fb45d1af530 method=java.util.HashMap.put(Ljava/lang/Object;Ljava/lang/Object;)Ljava/lang/Object; @ 83
Event: 1851.893 Thread 0x00007fb4602ca800 Uncommon trap: reason=class_check action=maybe_recompile pc=0x00007fb45d1af530 method=java.util.HashMap.put(Ljava/lang/Object;Ljava/lang/Object;)Ljava/lang/Object; @ 83
Event: 1851.893 Thread 0x00007fb4602ca800 Uncommon trap: reason=class_check action=maybe_recompile pc=0x00007fb45d1af530 method=java.util.HashMap.put(Ljava/lang/Object;Ljava/lang/Object;)Ljava/lang/Object; @ 83
Event: 1851.893 Thread 0x00007fb4602ca800 Uncommon trap: reason=unreached action=reinterpret pc=0x00007fb45d216edc method=processing.opengl.PGL.threadIsCurrent()Z @ 7

Internal exceptions (10 events):
Event: 130.308 Thread 0x00007fb4602b7000 Threw 0x00000000d8b65c68 at /HUDSON/workspace/jdk7u40-2-build-linux-amd64-product/jdk7u40/hotspot/src/share/vm/runtime/reflection.cpp:1030
Event: 1259.997 Thread 0x00007fb4602b7000 Threw 0x00000000dccfac38 at /HUDSON/workspace/jdk7u40-2-build-linux-amd64-product/jdk7u40/hotspot/src/share/vm/runtime/reflection.cpp:1030
Event: 1409.278 Thread 0x00007fb4602b7000 Threw 0x00000000d8cef848 at /HUDSON/workspace/jdk7u40-2-build-linux-amd64-product/jdk7u40/hotspot/src/share/vm/runtime/reflection.cpp:1030
Event: 1540.120 Thread 0x00007fb4602b7000 Threw 0x00000000dbb92720 at /HUDSON/workspace/jdk7u40-2-build-linux-amd64-product/jdk7u40/hotspot/src/share/vm/runtime/reflection.cpp:1030
Event: 1553.801 Thread 0x00007fb4602b7000 Threw 0x00000000dc1baa28 at /HUDSON/workspace/jdk7u40-2-build-linux-amd64-product/jdk7u40/hotspot/src/share/vm/runtime/reflection.cpp:1030
Event: 1601.091 Thread 0x00007fb4602b7000 Threw 0x00000000dd365950 at /HUDSON/workspace/jdk7u40-2-build-linux-amd64-product/jdk7u40/hotspot/src/share/vm/runtime/reflection.cpp:1030
Event: 1622.605 Thread 0x00007fb4602b7000 Threw 0x00000000ddad7aa8 at /HUDSON/workspace/jdk7u40-2-build-linux-amd64-product/jdk7u40/hotspot/src/share/vm/runtime/reflection.cpp:1030
Event: 1667.464 Thread 0x00007fb4602b7000 Threw 0x00000000dea6b5e0 at /HUDSON/workspace/jdk7u40-2-build-linux-amd64-product/jdk7u40/hotspot/src/share/vm/runtime/reflection.cpp:1030
Event: 1723.445 Thread 0x00007fb4602b7000 Threw 0x00000000d8d3c580 at /HUDSON/workspace/jdk7u40-2-build-linux-amd64-product/jdk7u40/hotspot/src/share/vm/runtime/reflection.cpp:1030
Event: 1774.027 Thread 0x00007fb4602b7000 Threw 0x00000000da288da0 at /HUDSON/workspace/jdk7u40-2-build-linux-amd64-product/jdk7u40/hotspot/src/share/vm/runtime/reflection.cpp:1030

Events (10 events):
Event: 1851.893 Thread 0x00007fb4602ca800 DEOPT UNPACKING pc=0x00007fb45d039445 sp=0x00007fb44d221648 mode 2
Event: 1851.893 Thread 0x00007fb4602ca800 Uncommon trap: trap_request=0xffffffde fr.pc=0x00007fb45d1af530
Event: 1851.893 Thread 0x00007fb4602ca800 DEOPT PACKING pc=0x00007fb45d1af530 sp=0x00007fb44d221650
Event: 1851.893 Thread 0x00007fb4602ca800 DEOPT UNPACKING pc=0x00007fb45d039445 sp=0x00007fb44d221648 mode 2
Event: 1851.893 Thread 0x00007fb4602ca800 Uncommon trap: trap_request=0xffffffde fr.pc=0x00007fb45d1af530
Event: 1851.893 Thread 0x00007fb4602ca800 DEOPT PACKING pc=0x00007fb45d1af530 sp=0x00007fb44d221650
Event: 1851.893 Thread 0x00007fb4602ca800 DEOPT UNPACKING pc=0x00007fb45d039445 sp=0x00007fb44d221648 mode 2
Event: 1851.893 Thread 0x00007fb4602ca800 Uncommon trap: trap_request=0xffffffad fr.pc=0x00007fb45d216edc
Event: 1851.893 Thread 0x00007fb4602ca800 DEOPT PACKING pc=0x00007fb45d216edc sp=0x00007fb44d2216c0
Event: 1851.893 Thread 0x00007fb4602ca800 DEOPT UNPACKING pc=0x00007fb45d039445 sp=0x00007fb44d221680 mode 2


Dynamic libraries:
00400000-00401000 r-xp 00000000 08:01 7079656                            /opt/processing-2.2.1/java/bin/java
00600000-00601000 rw-p 00000000 08:01 7079656                            /opt/processing-2.2.1/java/bin/java
00895000-008b6000 rw-p 00000000 00:00 0                                  [heap]
84e00000-86300000 rw-p 00000000 00:00 0 
86300000-8a000000 rw-p 00000000 00:00 0 
8a000000-8ee80000 rw-p 00000000 00:00 0 
8ee80000-d8a80000 rw-p 00000000 00:00 0 
d8a80000-e8200000 rw-p 00000000 00:00 0 
e8200000-eb980000 ---p 00000000 00:00 0 
eb980000-100000000 rw-p 00000000 00:00 0 
7fb3b8000000-7fb3bbf07000 rw-p 00000000 00:00 0 
7fb3bbf07000-7fb3bc000000 ---p 00000000 00:00 0 
7fb3bc000000-7fb3bfeab000 rw-p 00000000 00:00 0 
7fb3bfeab000-7fb3c0000000 ---p 00000000 00:00 0 
7fb3c0000000-7fb3c3f7b000 rw-p 00000000 00:00 0 
7fb3c3f7b000-7fb3c4000000 ---p 00000000 00:00 0 
7fb3c4000000-7fb3c424c000 rw-p 00000000 00:00 0 
7fb3c424c000-7fb3c8000000 ---p 00000000 00:00 0 
7fb3c8000000-7fb3cc000000 rw-p 00000000 00:00 0 
7fb3cf59d000-7fb3d4000000 rw-p 00000000 00:00 0 
7fb3d4000000-7fb3d4021000 rw-p 00000000 00:00 0 
7fb3d4021000-7fb3d8000000 ---p 00000000 00:00 0 
7fb3d8000000-7fb3d8021000 rw-p 00000000 00:00 0 
7fb3d8021000-7fb3dc000000 ---p 00000000 00:00 0 
7fb3dc000000-7fb3dc021000 rw-p 00000000 00:00 0 
7fb3dc021000-7fb3e0000000 ---p 00000000 00:00 0 
7fb3e0e81000-7fb3e0e84000 ---p 00000000 00:00 0 
7fb3e0e84000-7fb3e0f82000 rw-p 00000000 00:00 0                          [stack:28046]
7fb3e1ffc000-7fb3e1ffd000 ---p 00000000 00:00 0 
7fb3e1ffd000-7fb3e27fd000 rw-p 00000000 00:00 0 
7fb3e27fd000-7fb3e27fe000 ---p 00000000 00:00 0 
7fb3e27fe000-7fb3e2ffe000 rw-p 00000000 00:00 0 
7fb3e2ffe000-7fb3e2fff000 ---p 00000000 00:00 0 
7fb3e2fff000-7fb3e37ff000 rw-p 00000000 00:00 0                          [stack:28043]
7fb3e37ff000-7fb3e3800000 ---p 00000000 00:00 0 
7fb3e3800000-7fb3e4000000 rw-p 00000000 00:00 0                          [stack:28042]
7fb3e4000000-7fb3e425b000 rw-p 00000000 00:00 0 
7fb3e425b000-7fb3e8000000 ---p 00000000 00:00 0 
7fb3e80d1000-7fb3e80d4000 r-xp 00000000 08:01 7472512                    /opt/processing-2.2.1/modes/java/libraries/serial/library/linux64/libjSSC-2.8.so
7fb3e80d4000-7fb3e82d3000 ---p 00003000 08:01 7472512                    /opt/processing-2.2.1/modes/java/libraries/serial/library/linux64/libjSSC-2.8.so
7fb3e82d3000-7fb3e82d4000 r--p 00002000 08:01 7472512                    /opt/processing-2.2.1/modes/java/libraries/serial/library/linux64/libjSSC-2.8.so
7fb3e82d4000-7fb3e82d5000 rw-p 00003000 08:01 7472512                    /opt/processing-2.2.1/modes/java/libraries/serial/library/linux64/libjSSC-2.8.so
7fb3e82d5000-7fb3e832d000 r-xp 00000000 08:01 9836100                    /home/goran/sketchbook/libraries/SimpleOpenNI/library/linux64/OpenNI2/Drivers/libPSLink.so
7fb3e832d000-7fb3e852d000 ---p 00058000 08:01 9836100                    /home/goran/sketchbook/libraries/SimpleOpenNI/library/linux64/OpenNI2/Drivers/libPSLink.so
7fb3e852d000-7fb3e8532000 r--p 00058000 08:01 9836100                    /home/goran/sketchbook/libraries/SimpleOpenNI/library/linux64/OpenNI2/Drivers/libPSLink.so
7fb3e8532000-7fb3e8533000 rw-p 0005d000 08:01 9836100                    /home/goran/sketchbook/libraries/SimpleOpenNI/library/linux64/OpenNI2/Drivers/libPSLink.so
7fb3e8533000-7fb3e8534000 rw-p 00000000 00:00 0 
7fb3e8534000-7fb3e85de000 r-xp 00000000 08:01 9836101                    /home/goran/sketchbook/libraries/SimpleOpenNI/library/linux64/OpenNI2/Drivers/libPS1080.so
7fb3e85de000-7fb3e87dd000 ---p 000aa000 08:01 9836101                    /home/goran/sketchbook/libraries/SimpleOpenNI/library/linux64/OpenNI2/Drivers/libPS1080.so
7fb3e87dd000-7fb3e87e2000 r--p 000a9000 08:01 9836101                    /home/goran/sketchbook/libraries/SimpleOpenNI/library/linux64/OpenNI2/Drivers/libPS1080.so
7fb3e87e2000-7fb3e87e6000 rw-p 000ae000 08:01 9836101                    /home/goran/sketchbook/libraries/SimpleOpenNI/library/linux64/OpenNI2/Drivers/libPS1080.so
7fb3e87e6000-7fb3e8807000 rw-p 00000000 00:00 0 
7fb3e8807000-7fb3e8851000 r-xp 00000000 08:01 9836098                    /home/goran/sketchbook/libraries/SimpleOpenNI/library/linux64/OpenNI2/Drivers/libOniFile.so
7fb3e8851000-7fb3e8a50000 ---p 0004a000 08:01 9836098                    /home/goran/sketchbook/libraries/SimpleOpenNI/library/linux64/OpenNI2/Drivers/libOniFile.so
7fb3e8a50000-7fb3e8a52000 r--p 00049000 08:01 9836098                    /home/goran/sketchbook/libraries/SimpleOpenNI/library/linux64/OpenNI2/Drivers/libOniFile.so
7fb3e8a52000-7fb3e8a53000 rw-p 0004b000 08:01 9836098                    /home/goran/sketchbook/libraries/SimpleOpenNI/library/linux64/OpenNI2/Drivers/libOniFile.so
7fb3e8a53000-7fb3e8a73000 rw-p 00000000 00:00 0 
7fb3e8a73000-7fb3e8a7e000 r-xp 00000000 08:01 9836099                    /home/goran/sketchbook/libraries/SimpleOpenNI/library/linux64/OpenNI2/Drivers/libfreenect.so
7fb3e8a7e000-7fb3e8c7d000 ---p 0000b000 08:01 9836099                    /home/goran/sketchbook/libraries/SimpleOpenNI/library/linux64/OpenNI2/Drivers/libfreenect.so
7fb3e8c7d000-7fb3e8c7e000 r--p 0000a000 08:01 9836099                    /home/goran/sketchbook/libraries/SimpleOpenNI/library/linux64/OpenNI2/Drivers/libfreenect.so
7fb3e8c7e000-7fb3e8c7f000 rw-p 0000b000 08:01 9836099                    /home/goran/sketchbook/libraries/SimpleOpenNI/library/linux64/OpenNI2/Drivers/libfreenect.so
7fb3e8c7f000-7fb3e8c80000 ---p 00000000 00:00 0 
7fb3e8c80000-7fb3e9480000 rw-p 00000000 00:00 0                          [stack:28041]
7fb3e9480000-7fb3e9481000 ---p 00000000 00:00 0 
7fb3e9481000-7fb3e9c81000 rw-p 00000000 00:00 0                          [stack:28040]
7fb3e9c81000-7fb3e9c96000 r-xp 00000000 08:01 9175440                    /lib/x86_64-linux-gnu/libusb-1.0.so.0.1.0
7fb3e9c96000-7fb3e9e96000 ---p 00015000 08:01 9175440                    /lib/x86_64-linux-gnu/libusb-1.0.so.0.1.0
7fb3e9e96000-7fb3e9e97000 r--p 00015000 08:01 9175440                    /lib/x86_64-linux-gnu/libusb-1.0.so.0.1.0
7fb3e9e97000-7fb3e9e98000 rw-p 00016000 08:01 9175440                    /lib/x86_64-linux-gnu/libusb-1.0.so.0.1.0
7fb3e9e98000-7fb3e9ea3000 r-xp 00000000 08:01 9836096                    /home/goran/sketchbook/libraries/SimpleOpenNI/library/linux64/OpenNI2/Drivers/libfreenect.so.0.1
7fb3e9ea3000-7fb3ea0a2000 ---p 0000b000 08:01 9836096                    /home/goran/sketchbook/libraries/SimpleOpenNI/library/linux64/OpenNI2/Drivers/libfreenect.so.0.1
7fb3ea0a2000-7fb3ea0a3000 r--p 0000a000 08:01 9836096                    /home/goran/sketchbook/libraries/SimpleOpenNI/library/linux64/OpenNI2/Drivers/libfreenect.so.0.1
7fb3ea0a3000-7fb3ea0a4000 rw-p 0000b000 08:01 9836096                    /home/goran/sketchbook/libraries/SimpleOpenNI/library/linux64/OpenNI2/Drivers/libfreenect.so.0.1
7fb3ea0a4000-7fb3ea0bb000 r-xp 00000000 08:01 9836097                    /home/goran/sketchbook/libraries/SimpleOpenNI/library/linux64/OpenNI2/Drivers/libFreenectDriver.so
7fb3ea0bb000-7fb3ea2bb000 ---p 00017000 08:01 9836097                    /home/goran/sketchbook/libraries/SimpleOpenNI/library/linux64/OpenNI2/Drivers/libFreenectDriver.so
7fb3ea2bb000-7fb3ea2bc000 r--p 00017000 08:01 9836097                    /home/goran/sketchbook/libraries/SimpleOpenNI/library/linux64/OpenNI2/Drivers/libFreenectDriver.so
7fb3ea2bc000-7fb3ea2bd000 rw-p 00018000 08:01 9836097                    /home/goran/sketchbook/libraries/SimpleOpenNI/library/linux64/OpenNI2/Drivers/libFreenectDriver.so
7fb3ea2bd000-7fb3ea2c1000 rw-p 0001f000 08:01 9836097                    /home/goran/sketchbook/libraries/SimpleOpenNI/library/linux64/OpenNI2/Drivers/libFreenectDriver.so
7fb3ea2c1000-7fb3ea2d7000 r-xp 00000000 08:01 9836102                    /home/goran/sketchbook/libraries/SimpleOpenNI/library/linux64/OpenNI2/Drivers/libDummyDevice.so
7fb3ea2d7000-7fb3ea4d7000 ---p 00016000 08:01 9836102                    /home/goran/sketchbook/libraries/SimpleOpenNI/library/linux64/OpenNI2/Drivers/libDummyDevice.so
7fb3ea4d7000-7fb3ea4d8000 r--p 00016000 08:01 9836102                    /home/goran/sketchbook/libraries/SimpleOpenNI/library/linux64/OpenNI2/Drivers/libDummyDevice.so
7fb3ea4d8000-7fb3ea4d9000 rw-p 00017000 08:01 9836102                    /home/goran/sketchbook/libraries/SimpleOpenNI/library/linux64/OpenNI2/Drivers/libDummyDevice.so
7fb3ea4d9000-7fb3ea4dc000 r-xp 00000000 08:01 13632498                   /usr/lib/x86_64-linux-gnu/libboost_system.so.1.54.0
7fb3ea4dc000-7fb3ea6db000 ---p 00003000 08:01 13632498                   /usr/lib/x86_64-linux-gnu/libboost_system.so.1.54.0
7fb3ea6db000-7fb3ea6dc000 r--p 00002000 08:01 13632498                   /usr/lib/x86_64-linux-gnu/libboost_system.so.1.54.0
7fb3ea6dc000-7fb3ea6dd000 rw-p 00003000 08:01 13632498                   /usr/lib/x86_64-linux-gnu/libboost_system.so.1.54.0
7fb3ea6dd000-7fb3eab84000 r-xp 00000000 08:01 9836105                    /home/goran/sketchbook/libraries/SimpleOpenNI/library/linux64/libNiTE2.so
7fb3eab84000-7fb3ead83000 ---p 004a7000 08:01 9836105                    /home/goran/sketchbook/libraries/SimpleOpenNI/library/linux64/libNiTE2.so
7fb3ead83000-7fb3ead8f000 r--p 004a6000 08:01 9836105                    /home/goran/sketchbook/libraries/SimpleOpenNI/library/linux64/libNiTE2.so
7fb3ead8f000-7fb3ead91000 rw-p 004b2000 08:01 9836105                    /home/goran/sketchbook/libraries/SimpleOpenNI/library/linux64/libNiTE2.so
7fb3ead91000-7fb3ead99000 rw-p 00000000 00:00 0 
7fb3ead99000-7fb3eadf1000 r-xp 00000000 08:01 9836111                    /home/goran/sketchbook/libraries/SimpleOpenNI/library/linux64/libOpenNI2.so
7fb3eadf1000-7fb3eaff1000 ---p 00058000 08:01 9836111                    /home/goran/sketchbook/libraries/SimpleOpenNI/library/linux64/libOpenNI2.so
7fb3eaff1000-7fb3eaff3000 r--p 00058000 08:01 9836111                    /home/goran/sketchbook/libraries/SimpleOpenNI/library/linux64/libOpenNI2.so
7fb3eaff3000-7fb3eaff4000 rw-p 0005a000 08:01 9836111                    /home/goran/sketchbook/libraries/SimpleOpenNI/library/linux64/libOpenNI2.so
7fb3eaff4000-7fb3eb015000 rw-p 00000000 00:00 0 
7fb3eb015000-7fb3eb02d000 r-xp 00000000 08:01 9836107                    /home/goran/sketchbook/libraries/SimpleOpenNI/library/linux64/libboost_thread.so.1.54.0
7fb3eb02d000-7fb3eb22c000 ---p 00018000 08:01 9836107                    /home/goran/sketchbook/libraries/SimpleOpenNI/library/linux64/libboost_thread.so.1.54.0
7fb3eb22c000-7fb3eb22e000 r--p 00017000 08:01 9836107                    /home/goran/sketchbook/libraries/SimpleOpenNI/library/linux64/libboost_thread.so.1.54.0
7fb3eb22e000-7fb3eb22f000 rw-p 00019000 08:01 9836107                    /home/goran/sketchbook/libraries/SimpleOpenNI/library/linux64/libboost_thread.so.1.54.0
7fb3eb22f000-7fb3eb275000 r-xp 00000000 08:01 9836033                    /home/goran/sketchbook/libraries/SimpleOpenNI/library/libSimpleOpenNI64.so
7fb3eb275000-7fb3eb474000 ---p 00046000 08:01 9836033                    /home/goran/sketchbook/libraries/SimpleOpenNI/library/libSimpleOpenNI64.so
7fb3eb474000-7fb3eb476000 r--p 00045000 08:01 9836033                    /home/goran/sketchbook/libraries/SimpleOpenNI/library/libSimpleOpenNI64.so
7fb3eb476000-7fb3eb478000 rw-p 00047000 08:01 9836033                    /home/goran/sketchbook/libraries/SimpleOpenNI/library/libSimpleOpenNI64.so
7fb3eb478000-7fb3eb978000 rw-s 00000000 00:04 1415710                    /drm mm object (deleted)
7fb3eb978000-7fb3ebe78000 rw-s 00000000 00:04 1415709                    /drm mm object (deleted)
7fb3ebe78000-7fb3ebebc000 r-xp 00000000 08:01 9183263                    /lib/x86_64-linux-gnu/libdbus-1.so.3.7.6
7fb3ebebc000-7fb3ec0bb000 ---p 00044000 08:01 9183263                    /lib/x86_64-linux-gnu/libdbus-1.so.3.7.6
7fb3ec0bb000-7fb3ec0bc000 r--p 00043000 08:01 9183263                    /lib/x86_64-linux-gnu/libdbus-1.so.3.7.6
7fb3ec0bc000-7fb3ec0bd000 rw-p 00044000 08:01 9183263                    /lib/x86_64-linux-gnu/libdbus-1.so.3.7.6
7fb3ec0bd000-7fb3ec0c5000 r-xp 00000000 08:01 9177318                    /lib/x86_64-linux-gnu/libnih-dbus.so.1.0.0
7fb3ec0c5000-7fb3ec2c5000 ---p 00008000 08:01 9177318                    /lib/x86_64-linux-gnu/libnih-dbus.so.1.0.0
7fb3ec2c5000-7fb3ec2c6000 r--p 00008000 08:01 9177318                    /lib/x86_64-linux-gnu/libnih-dbus.so.1.0.0
7fb3ec2c6000-7fb3ec2c7000 rw-p 00009000 08:01 9177318                    /lib/x86_64-linux-gnu/libnih-dbus.so.1.0.0
7fb3ec2c7000-7fb3ec2de000 r-xp 00000000 08:01 9178803                    /lib/x86_64-linux-gnu/libnih.so.1.0.0
7fb3ec2de000-7fb3ec4dd000 ---p 00017000 08:01 9178803                    /lib/x86_64-linux-gnu/libnih.so.1.0.0
7fb3ec4dd000-7fb3ec4de000 r--p 00016000 08:01 9178803                    /lib/x86_64-linux-gnu/libnih.so.1.0.0
7fb3ec4de000-7fb3ec4df000 rw-p 00017000 08:01 9178803                    /lib/x86_64-linux-gnu/libnih.so.1.0.0
7fb3ec4df000-7fb3ec4f8000 r-xp 00000000 08:01 9175359                    /lib/x86_64-linux-gnu/libcgmanager.so.0.0.0
7fb3ec4f8000-7fb3ec6f7000 ---p 00019000 08:01 9175359                    /lib/x86_64-linux-gnu/libcgmanager.so.0.0.0
7fb3ec6f7000-7fb3ec6f9000 r--p 00018000 08:01 9175359                    /lib/x86_64-linux-gnu/libcgmanager.so.0.0.0
7fb3ec6f9000-7fb3ec6fa000 rw-p 0001a000 08:01 9175359                    /lib/x86_64-linux-gnu/libcgmanager.so.0.0.0
7fb3ec6fa000-7fb3ec70a000 r-xp 00000000 08:01 9178722                    /lib/x86_64-linux-gnu/libudev.so.1.3.5
7fb3ec70a000-7fb3ec909000 ---p 00010000 08:01 9178722                    /lib/x86_64-linux-gnu/libudev.so.1.3.5
7fb3ec909000-7fb3ec90a000 r--p 0000f000 08:01 9178722                    /lib/x86_64-linux-gnu/libudev.so.1.3.5
7fb3ec90a000-7fb3ec90b000 rw-p 00010000 08:01 9178722                    /lib/x86_64-linux-gnu/libudev.so.1.3.5
7fb3ec90b000-7fb3ec90d000 r-xp 00000000 08:01 13651087                   /usr/lib/x86_64-linux-gnu/libXinerama.so.1.0.0
7fb3ec90d000-7fb3ecb0c000 ---p 00002000 08:01 13651087                   /usr/lib/x86_64-linux-gnu/libXinerama.so.1.0.0
7fb3ecb0c000-7fb3ecb0d000 r--p 00001000 08:01 13651087                   /usr/lib/x86_64-linux-gnu/libXinerama.so.1.0.0
7fb3ecb0d000-7fb3ecb0e000 rw-p 00002000 08:01 13651087                   /usr/lib/x86_64-linux-gnu/libXinerama.so.1.0.0
7fb3ecb0e000-7fb3ecb45000 r-xp 00000000 08:01 13647810                   /usr/lib/x86_64-linux-gnu/libtxc_dxtn_s2tc.so.0.0.0
7fb3ecb45000-7fb3ecd44000 ---p 00037000 08:01 13647810                   /usr/lib/x86_64-linux-gnu/libtxc_dxtn_s2tc.so.0.0.0
7fb3ecd44000-7fb3ecd45000 r--p 00036000 08:01 13647810                   /usr/lib/x86_64-linux-gnu/libtxc_dxtn_s2tc.so.0.0.0
7fb3ecd45000-7fb3ecd46000 rw-p 00037000 08:01 13647810                   /usr/lib/x86_64-linux-gnu/libtxc_dxtn_s2tc.so.0.0.0
7fb3ecd46000-7fb3ecd5e000 r-xp 00000000 08:01 9176942                    /lib/x86_64-linux-gnu/libz.so.1.2.8
7fb3ecd5e000-7fb3ecf5d000 ---p 00018000 08:01 9176942                    /lib/x86_64-linux-gnu/libz.so.1.2.8
7fb3ecf5d000-7fb3ecf5e000 r--p 00017000 08:01 9176942                    /lib/x86_64-linux-gnu/libz.so.1.2.8
7fb3ecf5e000-7fb3ecf5f000 rw-p 00018000 08:01 9176942                    /lib/x86_64-linux-gnu/libz.so.1.2.8
7fb3ecf5f000-7fb3ecf67000 r-xp 00000000 08:01 13646473                   /usr/lib/x86_64-linux-gnu/libpciaccess.so.0.11.1
7fb3ecf67000-7fb3ed166000 ---p 00008000 08:01 13646473                   /usr/lib/x86_64-linux-gnu/libpciaccess.so.0.11.1
7fb3ed166000-7fb3ed167000 r--p 00007000 08:01 13646473                   /usr/lib/x86_64-linux-gnu/libpciaccess.so.0.11.1
7fb3ed167000-7fb3ed168000 rw-p 00008000 08:01 13646473                   /usr/lib/x86_64-linux-gnu/libpciaccess.so.0.11.1
7fb3ed168000-7fb3ed18f000 r-xp 00000000 08:01 9175108                    /lib/x86_64-linux-gnu/libexpat.so.1.6.0
7fb3ed18f000-7fb3ed38f000 ---p 00027000 08:01 9175108                    /lib/x86_64-linux-gnu/libexpat.so.1.6.0
7fb3ed38f000-7fb3ed391000 r--p 00027000 08:01 9175108                    /lib/x86_64-linux-gnu/libexpat.so.1.6.0
7fb3ed391000-7fb3ed392000 rw-p 00029000 08:01 9175108                    /lib/x86_64-linux-gnu/libexpat.so.1.6.0
7fb3ed392000-7fb3ed3b1000 r-xp 00000000 08:01 13632853                   /usr/lib/x86_64-linux-gnu/libdrm_intel.so.1.0.0
7fb3ed3b1000-7fb3ed5b0000 ---p 0001f000 08:01 13632853                   /usr/lib/x86_64-linux-gnu/libdrm_intel.so.1.0.0
7fb3ed5b0000-7fb3ed5b1000 r--p 0001e000 08:01 13632853                   /usr/lib/x86_64-linux-gnu/libdrm_intel.so.1.0.0
7fb3ed5b1000-7fb3ed5b2000 rw-p 0001f000 08:01 13632853                   /usr/lib/x86_64-linux-gnu/libdrm_intel.so.1.0.0
7fb3ed5b2000-7fb3edaa1000 r-xp 00000000 08:01 14033566                   /usr/lib/x86_64-linux-gnu/dri/i965_dri.so
7fb3edaa1000-7fb3edca0000 ---p 004ef000 08:01 14033566                   /usr/lib/x86_64-linux-gnu/dri/i965_dri.so
7fb3edca0000-7fb3edcb7000 r--p 004ee000 08:01 14033566                   /usr/lib/x86_64-linux-gnu/dri/i965_dri.so
7fb3edcb7000-7fb3edcc3000 rw-p 00505000 08:01 14033566                   /usr/lib/x86_64-linux-gnu/dri/i965_dri.so
7fb3edcc3000-7fb3edd0f000 rw-p 00000000 00:00 0 
7fb3edd0f000-7fb3edd34000 r-xp 00000000 08:01 9177287                    /lib/x86_64-linux-gnu/libtinfo.so.5.9
7fb3edd34000-7fb3edf33000 ---p 00025000 08:01 9177287                    /lib/x86_64-linux-gnu/libtinfo.so.5.9
7fb3edf33000-7fb3edf37000 r--p 00024000 08:01 9177287                    /lib/x86_64-linux-gnu/libtinfo.so.5.9
7fb3edf37000-7fb3edf38000 rw-p 00028000 08:01 9177287                    /lib/x86_64-linux-gnu/libtinfo.so.5.9
7fb3edf38000-7fb3edf4e000 r-xp 00000000 08:01 9175350                    /lib/x86_64-linux-gnu/libgcc_s.so.1
7fb3edf4e000-7fb3ee14d000 ---p 00016000 08:01 9175350                    /lib/x86_64-linux-gnu/libgcc_s.so.1
7fb3ee14d000-7fb3ee14e000 rw-p 00015000 08:01 9175350                    /lib/x86_64-linux-gnu/libgcc_s.so.1
7fb3ee14e000-7fb3ee234000 r-xp 00000000 08:01 13631511                   /usr/lib/x86_64-linux-gnu/libstdc++.so.6.0.19
7fb3ee234000-7fb3ee433000 ---p 000e6000 08:01 13631511                   /usr/lib/x86_64-linux-gnu/libstdc++.so.6.0.19
7fb3ee433000-7fb3ee43b000 r--p 000e5000 08:01 13631511                   /usr/lib/x86_64-linux-gnu/libstdc++.so.6.0.19
7fb3ee43b000-7fb3ee43d000 rw-p 000ed000 08:01 13631511                   /usr/lib/x86_64-linux-gnu/libstdc++.so.6.0.19
7fb3ee43d000-7fb3ee452000 rw-p 00000000 00:00 0 
7fb3ee452000-7fb3efc50000 r-xp 00000000 08:01 13638666                   /usr/lib/x86_64-linux-gnu/libLLVM-3.4.so.1
7fb3efc50000-7fb3efdde000 r--p 017fd000 08:01 13638666                   /usr/lib/x86_64-linux-gnu/libLLVM-3.4.so.1
7fb3efdde000-7fb3efde0000 rw-p 0198b000 08:01 13638666                   /usr/lib/x86_64-linux-gnu/libLLVM-3.4.so.1
7fb3efde0000-7fb3efdf3000 rw-p 00000000 00:00 0 
7fb3efdf3000-7fb3efdff000 r-xp 00000000 08:01 13635844                   /usr/lib/x86_64-linux-gnu/libdrm_radeon.so.1.0.1
7fb3efdff000-7fb3efffe000 ---p 0000c000 08:01 13635844                   /usr/lib/x86_64-linux-gnu/libdrm_radeon.so.1.0.1
7fb3efffe000-7fb3effff000 r--p 0000b000 08:01 13635844                   /usr/lib/x86_64-linux-gnu/libdrm_radeon.so.1.0.1
7fb3effff000-7fb3f0000000 rw-p 0000c000 08:01 13635844                   /usr/lib/x86_64-linux-gnu/libdrm_radeon.so.1.0.1
7fb3f0000000-7fb3f304e000 rw-p 00000000 00:00 0 
7fb3f304e000-7fb3f4000000 ---p 00000000 00:00 0 
7fb3f402f000-7fb3f416f000 rw-s 106bc8000 00:05 9341                      /dev/dri/card0
7fb3f416f000-7fb3f4184000 r-xp 00000000 08:01 13634702                   /usr/lib/x86_64-linux-gnu/libelf-0.158.so
7fb3f4184000-7fb3f4383000 ---p 00015000 08:01 13634702                   /usr/lib/x86_64-linux-gnu/libelf-0.158.so
7fb3f4383000-7fb3f4384000 r--p 00014000 08:01 13634702                   /usr/lib/x86_64-linux-gnu/libelf-0.158.so
7fb3f4384000-7fb3f4385000 rw-p 00015000 08:01 13634702                   /usr/lib/x86_64-linux-gnu/libelf-0.158.so
7fb3f4385000-7fb3f438a000 r-xp 00000000 08:01 13635848                   /usr/lib/x86_64-linux-gnu/libdrm_nouveau.so.2.0.0
7fb3f438a000-7fb3f4589000 ---p 00005000 08:01 13635848                   /usr/lib/x86_64-linux-gnu/libdrm_nouveau.so.2.0.0
7fb3f4589000-7fb3f458a000 r--p 00004000 08:01 13635848                   /usr/lib/x86_64-linux-gnu/libdrm_nouveau.so.2.0.0
7fb3f458a000-7fb3f458b000 rw-p 00005000 08:01 13635848                   /usr/lib/x86_64-linux-gnu/libdrm_nouveau.so.2.0.0
7fb3f458b000-7fb3f4592000 r-xp 00000000 08:01 14025938                   /usr/lib/x86_64-linux-gnu/mesa-egl/libOpenVG.so.1.0.0
7fb3f4592000-7fb3f4791000 ---p 00007000 08:01 14025938                   /usr/lib/x86_64-linux-gnu/mesa-egl/libOpenVG.so.1.0.0
7fb3f4791000-7fb3f4792000 r--p 00006000 08:01 14025938                   /usr/lib/x86_64-linux-gnu/mesa-egl/libOpenVG.so.1.0.0
7fb3f4792000-7fb3f4793000 rw-p 00007000 08:01 14025938                   /usr/lib/x86_64-linux-gnu/mesa-egl/libOpenVG.so.1.0.0
7fb3f4793000-7fb3f4795000 rw-p 00000000 00:00 0 
7fb3f4795000-7fb3f497e000 r-xp 00000000 08:01 13635250                   /usr/lib/x86_64-linux-gnu/libgallium.so.0.0.0
7fb3f497e000-7fb3f4b7e000 ---p 001e9000 08:01 13635250                   /usr/lib/x86_64-linux-gnu/libgallium.so.0.0.0
7fb3f4b7e000-7fb3f4b8e000 r--p 001e9000 08:01 13635250                   /usr/lib/x86_64-linux-gnu/libgallium.so.0.0.0
7fb3f4b8e000-7fb3f4b90000 rw-p 001f9000 08:01 13635250                   /usr/lib/x86_64-linux-gnu/libgallium.so.0.0.0
7fb3f4b90000-7fb3f4d58000 rw-p 00000000 00:00 0 
7fb3f4d58000-7fb3f5378000 r-xp 00000000 08:01 14025937                   /usr/lib/x86_64-linux-gnu/egl/egl_gallium.so
7fb3f5378000-7fb3f5577000 ---p 00620000 08:01 14025937                   /usr/lib/x86_64-linux-gnu/egl/egl_gallium.so
7fb3f5577000-7fb3f55b8000 r--p 0061f000 08:01 14025937                   /usr/lib/x86_64-linux-gnu/egl/egl_gallium.so
7fb3f55b8000-7fb3f55c6000 rw-p 00660000 08:01 14025937                   /usr/lib/x86_64-linux-gnu/egl/egl_gallium.so
7fb3f55c6000-7fb3f55e6000 rw-p 00000000 00:00 0 
7fb3f55e6000-7fb3f55ec000 r-xp 00000000 08:01 14026292                   /usr/lib/x86_64-linux-gnu/mesa-egl/libGLESv2.so.2.0.0
7fb3f55ec000-7fb3f57ec000 ---p 00006000 08:01 14026292                   /usr/lib/x86_64-linux-gnu/mesa-egl/libGLESv2.so.2.0.0
7fb3f57ec000-7fb3f57ed000 r--p 00006000 08:01 14026292                   /usr/lib/x86_64-linux-gnu/mesa-egl/libGLESv2.so.2.0.0
7fb3f57ed000-7fb3f57ee000 rw-p 00007000 08:01 14026292                   /usr/lib/x86_64-linux-gnu/mesa-egl/libGLESv2.so.2.0.0
7fb3f57ee000-7fb3f5834000 r-xp 00000000 08:01 8782234                    /tmp/jogamp_0000/file_cache/jln6266810819801853055/jln8432316095173109079/libjogl_mobile.so
7fb3f5834000-7fb3f5a34000 ---p 00046000 08:01 8782234                    /tmp/jogamp_0000/file_cache/jln6266810819801853055/jln8432316095173109079/libjogl_mobile.so
7fb3f5a34000-7fb3f5a35000 rw-p 00046000 08:01 8782234                    /tmp/jogamp_0000/file_cache/jln6266810819801853055/jln8432316095173109079/libjogl_mobile.so
7fb3f5a35000-7fb3f5a3c000 r-xp 00000000 08:01 13649650                   /usr/lib/x86_64-linux-gnu/libffi.so.6.0.1
7fb3f5a3c000-7fb3f5c3b000 ---p 00007000 08:01 13649650                   /usr/lib/x86_64-linux-gnu/libffi.so.6.0.1
7fb3f5c3b000-7fb3f5c3c000 r--p 00006000 08:01 13649650                   /usr/lib/x86_64-linux-gnu/libffi.so.6.0.1
7fb3f5c3c000-7fb3f5c3d000 rw-p 00007000 08:01 13649650                   /usr/lib/x86_64-linux-gnu/libffi.so.6.0.1
7fb3f5c3d000-7fb3f5c44000 r-xp 00000000 08:01 13638277                   /usr/lib/x86_64-linux-gnu/libgbm.so.1.0.0
7fb3f5c44000-7fb3f5e43000 ---p 00007000 08:01 13638277                   /usr/lib/x86_64-linux-gnu/libgbm.so.1.0.0
7fb3f5e43000-7fb3f5e44000 r--p 00006000 08:01 13638277                   /usr/lib/x86_64-linux-gnu/libgbm.so.1.0.0
7fb3f5e44000-7fb3f5e45000 rw-p 00007000 08:01 13638277                   /usr/lib/x86_64-linux-gnu/libgbm.so.1.0.0
7fb3f5e45000-7fb3f5e54000 r-xp 00000000 08:01 13638667                   /usr/lib/x86_64-linux-gnu/libwayland-server.so.0.1.0
7fb3f5e54000-7fb3f6053000 ---p 0000f000 08:01 13638667                   /usr/lib/x86_64-linux-gnu/libwayland-server.so.0.1.0
7fb3f6053000-7fb3f6055000 r--p 0000e000 08:01 13638667                   /usr/lib/x86_64-linux-gnu/libwayland-server.so.0.1.0
7fb3f6055000-7fb3f6056000 rw-p 00010000 08:01 13638667                   /usr/lib/x86_64-linux-gnu/libwayland-server.so.0.1.0
7fb3f6056000-7fb3f6061000 r-xp 00000000 08:01 13636666                   /usr/lib/x86_64-linux-gnu/libwayland-client.so.0.2.0
7fb3f6061000-7fb3f6260000 ---p 0000b000 08:01 13636666                   /usr/lib/x86_64-linux-gnu/libwayland-client.so.0.2.0
7fb3f6260000-7fb3f6262000 r--p 0000a000 08:01 13636666                   /usr/lib/x86_64-linux-gnu/libwayland-client.so.0.2.0
7fb3f6262000-7fb3f6263000 rw-p 0000c000 08:01 13636666                   /usr/lib/x86_64-linux-gnu/libwayland-client.so.0.2.0
7fb3f6263000-7fb3f6268000 r-xp 00000000 08:01 13639856                   /usr/lib/x86_64-linux-gnu/libxcb-xfixes.so.0.0.0
7fb3f6268000-7fb3f6468000 ---p 00005000 08:01 13639856                   /usr/lib/x86_64-linux-gnu/libxcb-xfixes.so.0.0.0
7fb3f6468000-7fb3f6469000 r--p 00005000 08:01 13639856                   /usr/lib/x86_64-linux-gnu/libxcb-xfixes.so.0.0.0
7fb3f6469000-7fb3f646a000 rw-p 00006000 08:01 13639856                   /usr/lib/x86_64-linux-gnu/libxcb-xfixes.so.0.0.0
7fb3f646a000-7fb3f648d000 r-xp 00000000 08:01 14031160                   /usr/lib/x86_64-linux-gnu/mesa-egl/libEGL.so.1.0.0
7fb3f648d000-7fb3f668d000 ---p 00023000 08:01 14031160                   /usr/lib/x86_64-linux-gnu/mesa-egl/libEGL.so.1.0.0
7fb3f668d000-7fb3f668e000 r--p 00023000 08:01 14031160                   /usr/lib/x86_64-linux-gnu/mesa-egl/libEGL.so.1.0.0
7fb3f668e000-7fb3f668f000 rw-p 00024000 08:01 14031160                   /usr/lib/x86_64-linux-gnu/mesa-egl/libEGL.so.1.0.0
7fb3f668f000-7fb3f6737000 r-xp 00000000 08:01 8782233                    /tmp/jogamp_0000/file_cache/jln6266810819801853055/jln8432316095173109079/libjogl_desktop.so
7fb3f6737000-7fb3f6937000 ---p 000a8000 08:01 8782233                    /tmp/jogamp_0000/file_cache/jln6266810819801853055/jln8432316095173109079/libjogl_desktop.so
7fb3f6937000-7fb3f6938000 rw-p 000a8000 08:01 8782233                    /tmp/jogamp_0000/file_cache/jln6266810819801853055/jln8432316095173109079/libjogl_desktop.so
7fb3f6938000-7fb3f6943000 r-xp 00000000 08:01 13637316                   /usr/lib/x86_64-linux-gnu/libdrm.so.2.4.0
7fb3f6943000-7fb3f6b42000 ---p 0000b000 08:01 13637316                   /usr/lib/x86_64-linux-gnu/libdrm.so.2.4.0
7fb3f6b42000-7fb3f6b43000 r--p 0000a000 08:01 13637316                   /usr/lib/x86_64-linux-gnu/libdrm.so.2.4.0
7fb3f6b43000-7fb3f6b44000 rw-p 0000b000 08:01 13637316                   /usr/lib/x86_64-linux-gnu/libdrm.so.2.4.0
7fb3f6b44000-7fb3f6b45000 r-xp 00000000 08:01 13635836                   /usr/lib/x86_64-linux-gnu/libxshmfence.so.1.0.0
7fb3f6b45000-7fb3f6d44000 ---p 00001000 08:01 13635836                   /usr/lib/x86_64-linux-gnu/libxshmfence.so.1.0.0
7fb3f6d44000-7fb3f6d45000 r--p 00000000 08:01 13635836                   /usr/lib/x86_64-linux-gnu/libxshmfence.so.1.0.0
7fb3f6d45000-7fb3f6d46000 rw-p 00001000 08:01 13635836                   /usr/lib/x86_64-linux-gnu/libxshmfence.so.1.0.0
7fb3f6d46000-7fb3f6d4b000 r-xp 00000000 08:01 13651093                   /usr/lib/x86_64-linux-gnu/libxcb-sync.so.1.0.0
7fb3f6d4b000-7fb3f6f4a000 ---p 00005000 08:01 13651093                   /usr/lib/x86_64-linux-gnu/libxcb-sync.so.1.0.0
7fb3f6f4a000-7fb3f6f4b000 r--p 00004000 08:01 13651093                   /usr/lib/x86_64-linux-gnu/libxcb-sync.so.1.0.0
7fb3f6f4b000-7fb3f6f4c000 rw-p 00005000 08:01 13651093                   /usr/lib/x86_64-linux-gnu/libxcb-sync.so.1.0.0
7fb3f6f4c000-7fb3f6f4e000 r-xp 00000000 08:01 13651090                   /usr/lib/x86_64-linux-gnu/libxcb-present.so.0.0.0
7fb3f6f4e000-7fb3f714d000 ---p 00002000 08:01 13651090                   /usr/lib/x86_64-linux-gnu/libxcb-present.so.0.0.0
7fb3f714d000-7fb3f714e000 r--p 00001000 08:01 13651090                   /usr/lib/x86_64-linux-gnu/libxcb-present.so.0.0.0
7fb3f714e000-7fb3f714f000 rw-p 00002000 08:01 13651090                   /usr/lib/x86_64-linux-gnu/libxcb-present.so.0.0.0
7fb3f714f000-7fb3f7151000 r-xp 00000000 08:01 13639385                   /usr/lib/x86_64-linux-gnu/libxcb-dri3.so.0.0.0
7fb3f7151000-7fb3f7350000 ---p 00002000 08:01 13639385                   /usr/lib/x86_64-linux-gnu/libxcb-dri3.so.0.0.0
7fb3f7350000-7fb3f7351000 r--p 00001000 08:01 13639385                   /usr/lib/x86_64-linux-gnu/libxcb-dri3.so.0.0.0
7fb3f7351000-7fb3f7352000 rw-p 00002000 08:01 13639385                   /usr/lib/x86_64-linux-gnu/libxcb-dri3.so.0.0.0
7fb3f7352000-7fb3f7355000 r-xp 00000000 08:01 13639521                   /usr/lib/x86_64-linux-gnu/libxcb-dri2.so.0.0.0
7fb3f7355000-7fb3f7555000 ---p 00003000 08:01 13639521                   /usr/lib/x86_64-linux-gnu/libxcb-dri2.so.0.0.0
7fb3f7555000-7fb3f7556000 r--p 00003000 08:01 13639521                   /usr/lib/x86_64-linux-gnu/libxcb-dri2.so.0.0.0
7fb3f7556000-7fb3f7557000 rw-p 00004000 08:01 13639521                   /usr/lib/x86_64-linux-gnu/libxcb-dri2.so.0.0.0
7fb3f7557000-7fb3f756c000 r-xp 00000000 08:01 13637310                   /usr/lib/x86_64-linux-gnu/libxcb-glx.so.0.0.0
7fb3f756c000-7fb3f776b000 ---p 00015000 08:01 13637310                   /usr/lib/x86_64-linux-gnu/libxcb-glx.so.0.0.0
7fb3f776b000-7fb3f776d000 r--p 00014000 08:01 13637310                   /usr/lib/x86_64-linux-gnu/libxcb-glx.so.0.0.0
7fb3f776d000-7fb3f776e000 rw-p 00016000 08:01 13637310                   /usr/lib/x86_64-linux-gnu/libxcb-glx.so.0.0.0
7fb3f776e000-7fb3f776f000 r-xp 00000000 08:01 13637317                   /usr/lib/x86_64-linux-gnu/libX11-xcb.so.1.0.0
7fb3f776f000-7fb3f796e000 ---p 00001000 08:01 13637317                   /usr/lib/x86_64-linux-gnu/libX11-xcb.so.1.0.0
7fb3f796e000-7fb3f796f000 r--p 00000000 08:01 13637317                   /usr/lib/x86_64-linux-gnu/libX11-xcb.so.1.0.0
7fb3f796f000-7fb3f7970000 rw-p 00001000 08:01 13637317                   /usr/lib/x86_64-linux-gnu/libX11-xcb.so.1.0.0
7fb3f7970000-7fb3f7972000 r-xp 00000000 08:01 13651109                   /usr/lib/x86_64-linux-gnu/libXdamage.so.1.1.0
7fb3f7972000-7fb3f7b71000 ---p 00002000 08:01 13651109                   /usr/lib/x86_64-linux-gnu/libXdamage.so.1.1.0
7fb3f7b71000-7fb3f7b72000 r--p 00001000 08:01 13651109                   /usr/lib/x86_64-linux-gnu/libXdamage.so.1.1.0
7fb3f7b72000-7fb3f7b73000 rw-p 00002000 08:01 13651109                   /usr/lib/x86_64-linux-gnu/libXdamage.so.1.1.0
7fb3f7b73000-7fb3f7b95000 r-xp 00000000 08:01 13639852                   /usr/lib/x86_64-linux-gnu/libglapi.so.0.0.0
7fb3f7b95000-7fb3f7d95000 ---p 00022000 08:01 13639852                   /usr/lib/x86_64-linux-gnu/libglapi.so.0.0.0
7fb3f7d95000-7fb3f7d98000 r--p 00022000 08:01 13639852                   /usr/lib/x86_64-linux-gnu/libglapi.so.0.0.0
7fb3f7d98000-7fb3f7d99000 rw-p 00025000 08:01 13639852                   /usr/lib/x86_64-linux-gnu/libglapi.so.0.0.0
7fb3f7d99000-7fb3f7d9a000 rw-p 00000000 00:00 0 
7fb3f7d9a000-7fb3f7dfc000 r-xp 00000000 08:01 14025790                   /usr/lib/x86_64-linux-gnu/mesa/libGL.so.1.2.0
7fb3f7dfc000-7fb3f7ffb000 ---p 00062000 08:01 14025790                   /usr/lib/x86_64-linux-gnu/mesa/libGL.so.1.2.0
7fb3f7ffb000-7fb3f7ffe000 r--p 00061000 08:01 14025790                   /usr/lib/x86_64-linux-gnu/mesa/libGL.so.1.2.0
7fb3f7ffe000-7fb3f7fff000 rw-p 00064000 08:01 14025790                   /usr/lib/x86_64-linux-gnu/mesa/libGL.so.1.2.0
7fb3f7fff000-7fb3f8000000 rw-p 00000000 00:00 0 
7fb3f8000000-7fb3f8c9c000 rw-p 00000000 00:00 0 
7fb3f8c9c000-7fb3fc000000 ---p 00000000 00:00 0 
7fb3fc000000-7fb3fc021000 rw-p 00000000 00:00 0 
7fb3fc021000-7fb400000000 ---p 00000000 00:00 0 
7fb400000000-7fb400021000 rw-p 00000000 00:00 0 
7fb400021000-7fb404000000 ---p 00000000 00:00 0 
7fb404000000-7fb407d10000 rw-p 00000000 00:00 0 
7fb407d10000-7fb408000000 ---p 00000000 00:00 0 
7fb408000000-7fb40803e000 rw-p 00000000 00:00 0 
7fb40803e000-7fb40c000000 ---p 00000000 00:00 0 
7fb40c000000-7fb40c021000 rw-p 00000000 00:00 0 
7fb40c021000-7fb410000000 ---p 00000000 00:00 0 
7fb410000000-7fb410021000 rw-p 00000000 00:00 0 
7fb410021000-7fb414000000 ---p 00000000 00:00 0 
7fb414000000-7fb414023000 rw-p 00000000 00:00 0 
7fb414023000-7fb418000000 ---p 00000000 00:00 0 
7fb418000000-7fb418021000 rw-p 00000000 00:00 0 
7fb418021000-7fb41c000000 ---p 00000000 00:00 0 
7fb41c000000-7fb41c021000 rw-p 00000000 00:00 0 
7fb41c021000-7fb420000000 ---p 00000000 00:00 0 
7fb420000000-7fb4214b0000 rw-p 00000000 00:00 0 
7fb4214b0000-7fb424000000 ---p 00000000 00:00 0 
7fb424000000-7fb424ce2000 rw-p 00000000 00:00 0 
7fb424ce2000-7fb428000000 ---p 00000000 00:00 0 
7fb428000000-7fb428021000 rw-p 00000000 00:00 0 
7fb428021000-7fb42c000000 ---p 00000000 00:00 0 
7fb42c000000-7fb42c021000 rw-p 00000000 00:00 0 
7fb42c021000-7fb430000000 ---p 00000000 00:00 0 
7fb430000000-7fb430021000 rw-p 00000000 00:00 0 
7fb430021000-7fb434000000 ---p 00000000 00:00 0 
7fb434000000-7fb434021000 rw-p 00000000 00:00 0 
7fb434021000-7fb438000000 ---p 00000000 00:00 0 
7fb438000000-7fb438021000 rw-p 00000000 00:00 0 
7fb438021000-7fb43c000000 ---p 00000000 00:00 0 
7fb43c000000-7fb43c032000 rw-p 00000000 00:00 0 
7fb43c032000-7fb440000000 ---p 00000000 00:00 0 
7fb440000000-7fb440021000 rw-p 00000000 00:00 0 
7fb440021000-7fb444000000 ---p 00000000 00:00 0 
7fb444000000-7fb444021000 rw-p 00000000 00:00 0 
7fb444021000-7fb448000000 ---p 00000000 00:00 0 
7fb448000000-7fb448021000 rw-p 00000000 00:00 0 
7fb448021000-7fb44c000000 ---p 00000000 00:00 0 
7fb44c03e000-7fb44c03f000 rw-s 00000000 00:04 1418315                    /drm mm object (deleted)
7fb44c03f000-7fb44c040000 rw-s 00000000 00:04 1417308                    /drm mm object (deleted)
7fb44c040000-7fb44c041000 rw-s 00000000 00:04 1415716                    /drm mm object (deleted)
7fb44c041000-7fb44c049000 rw-s 00000000 00:04 1417291                    /drm mm object (deleted)
7fb44c049000-7fb44c050000 r--s 00000000 08:01 14061062                   /usr/lib/x86_64-linux-gnu/gconv/gconv-modules.cache
7fb44c050000-7fb44c051000 rw-s 00000000 00:04 1415708                    /drm mm object (deleted)
7fb44c051000-7fb44c191000 rw-s 10688e000 00:05 9341                      /dev/dri/card0
7fb44c191000-7fb44c199000 rw-s 00000000 00:04 1415702                    /drm mm object (deleted)
7fb44c199000-7fb44c1a1000 rw-s 00000000 00:04 1415701                    /drm mm object (deleted)
7fb44c1a1000-7fb44c1a9000 rw-s 00000000 00:04 1416441                    /drm mm object (deleted)
7fb44c1a9000-7fb44c1b1000 rw-s 00000000 00:04 1416428                    /drm mm object (deleted)
7fb44c1b1000-7fb44c1b8000 r-xp 00000000 08:01 8782236                    /tmp/jogamp_0000/file_cache/jln6266810819801853055/jln8432316095173109079/libnativewindow_x11.so
7fb44c1b8000-7fb44c3b7000 ---p 00007000 08:01 8782236                    /tmp/jogamp_0000/file_cache/jln6266810819801853055/jln8432316095173109079/libnativewindow_x11.so
7fb44c3b7000-7fb44c3b8000 rw-p 00006000 08:01 8782236                    /tmp/jogamp_0000/file_cache/jln6266810819801853055/jln8432316095173109079/libnativewindow_x11.so
7fb44c3b8000-7fb44c3bc000 r-xp 00000000 08:01 13651114                   /usr/lib/x86_64-linux-gnu/libXxf86vm.so.1.0.0
7fb44c3bc000-7fb44c5bc000 ---p 00004000 08:01 13651114                   /usr/lib/x86_64-linux-gnu/libXxf86vm.so.1.0.0
7fb44c5bc000-7fb44c5bd000 r--p 00004000 08:01 13651114                   /usr/lib/x86_64-linux-gnu/libXxf86vm.so.1.0.0
7fb44c5bd000-7fb44c5be000 rw-p 00005000 08:01 13651114                   /usr/lib/x86_64-linux-gnu/libXxf86vm.so.1.0.0
7fb44c5be000-7fb44c5bf000 rw-s 00000000 00:04 1415698                    /drm mm object (deleted)
7fb44c5bf000-7fb44c5c0000 rw-s 00000000 00:04 1416435                    /drm mm object (deleted)
7fb44c5c0000-7fb44c5c1000 rw-s 00000000 00:04 1416431                    /drm mm object (deleted)
7fb44c5c1000-7fb44c5c2000 rw-s 00000000 00:04 1416425                    /drm mm object (deleted)
7fb44c5c2000-7fb44c5ca000 rw-s 00000000 00:04 1416424                    /drm mm object (deleted)
7fb44c5ca000-7fb44c5d2000 rw-s 00000000 00:04 1415697                    /drm mm object (deleted)
7fb44c5d2000-7fb44c5da000 rw-s 00000000 00:04 1416417                    /drm mm object (deleted)
7fb44c5da000-7fb44c5db000 rw-s 00000000 00:04 1416414                    /drm mm object (deleted)
7fb44c5db000-7fb44c5e3000 rw-s 00000000 00:04 1416413                    /drm mm object (deleted)
7fb44c5e3000-7fb44c5e4000 rw-s 00000000 00:04 1417279                    /drm mm object (deleted)
7fb44c5e4000-7fb44c5ec000 rw-s 00000000 00:04 1417273                    /drm mm object (deleted)
7fb44c5ec000-7fb44c5f4000 rw-s 00000000 00:04 1417269                    /drm mm object (deleted)
7fb44c5f4000-7fb44c5f6000 r-xp 00000000 08:01 8782235                    /tmp/jogamp_0000/file_cache/jln6266810819801853055/jln8432316095173109079/libnativewindow_awt.so
7fb44c5f6000-7fb44c7f5000 ---p 00002000 08:01 8782235                    /tmp/jogamp_0000/file_cache/jln6266810819801853055/jln8432316095173109079/libnativewindow_awt.so
7fb44c7f5000-7fb44c7f6000 rw-p 00001000 08:01 8782235                    /tmp/jogamp_0000/file_cache/jln6266810819801853055/jln8432316095173109079/libnativewindow_awt.so
7fb44c7f6000-7fb44c7f7000 r-xp 00000000 08:01 7080432                    /opt/processing-2.2.1/java/lib/amd64/libjawt.so
7fb44c7f7000-7fb44c9f6000 ---p 00001000 08:01 7080432                    /opt/processing-2.2.1/java/lib/amd64/libjawt.so
7fb44c9f6000-7fb44c9f7000 rw-p 00000000 08:01 7080432                    /opt/processing-2.2.1/java/lib/amd64/libjawt.so
7fb44c9f7000-7fb44c9f9000 r-xp 00000000 08:01 8782232                    /tmp/jogamp_0000/file_cache/jln6266810819801853055/jln8432316095173109079/libgluegen-rt.so
7fb44c9f9000-7fb44cbf9000 ---p 00002000 08:01 8782232                    /tmp/jogamp_0000/file_cache/jln6266810819801853055/jln8432316095173109079/libgluegen-rt.so
7fb44cbf9000-7fb44cbfa000 rw-p 00002000 08:01 8782232                    /tmp/jogamp_0000/file_cache/jln6266810819801853055/jln8432316095173109079/libgluegen-rt.so
7fb44cbfa000-7fb44cbfd000 ---p 00000000 00:00 0 
7fb44cbfd000-7fb44ccfb000 rw-p 00000000 00:00 0                          [stack:28039]
7fb44ccfb000-7fb44cd0b000 r-xp 00000000 08:01 7080467                    /opt/processing-2.2.1/java/lib/amd64/libnio.so
7fb44cd0b000-7fb44cf0b000 ---p 00010000 08:01 7080467                    /opt/processing-2.2.1/java/lib/amd64/libnio.so
7fb44cf0b000-7fb44cf0c000 rw-p 00010000 08:01 7080467                    /opt/processing-2.2.1/java/lib/amd64/libnio.so
7fb44cf0c000-7fb44cf21000 r-xp 00000000 08:01 7080429                    /opt/processing-2.2.1/java/lib/amd64/libnet.so
7fb44cf21000-7fb44d121000 ---p 00015000 08:01 7080429                    /opt/processing-2.2.1/java/lib/amd64/libnet.so
7fb44d121000-7fb44d122000 rw-p 00015000 08:01 7080429                    /opt/processing-2.2.1/java/lib/amd64/libnet.so
7fb44d122000-7fb44d125000 ---p 00000000 00:00 0 
7fb44d125000-7fb44d223000 rw-p 00000000 00:00 0                          [stack:28030]
7fb44d223000-7fb44d226000 ---p 00000000 00:00 0 
7fb44d226000-7fb44d324000 rw-p 00000000 00:00 0                          [stack:28029]
7fb44d324000-7fb44d327000 ---p 00000000 00:00 0 
7fb44d327000-7fb44d425000 rw-p 00000000 00:00 0                          [stack:28028]
7fb44d425000-7fb44d428000 ---p 00000000 00:00 0 
7fb44d428000-7fb44d526000 rw-p 00000000 00:00 0 
7fb44d526000-7fb44d529000 ---p 00000000 00:00 0 
7fb44d529000-7fb44d627000 rw-p 00000000 00:00 0 
7fb44d627000-7fb44d62a000 ---p 00000000 00:00 0 
7fb44d62a000-7fb44d728000 rw-p 00000000 00:00 0                          [stack:28025]
7fb44d728000-7fb44d72d000 r-xp 00000000 08:01 13639928                   /usr/lib/x86_64-linux-gnu/libXfixes.so.3.1.0
7fb44d72d000-7fb44d92c000 ---p 00005000 08:01 13639928                   /usr/lib/x86_64-linux-gnu/libXfixes.so.3.1.0
7fb44d92c000-7fb44d92d000 r--p 00004000 08:01 13639928                   /usr/lib/x86_64-linux-gnu/libXfixes.so.3.1.0
7fb44d92d000-7fb44d92e000 rw-p 00005000 08:01 13639928                   /usr/lib/x86_64-linux-gnu/libXfixes.so.3.1.0
7fb44d92e000-7fb44d937000 r-xp 00000000 08:01 13651325                   /usr/lib/x86_64-linux-gnu/libXcursor.so.1.0.2
7fb44d937000-7fb44db36000 ---p 00009000 08:01 13651325                   /usr/lib/x86_64-linux-gnu/libXcursor.so.1.0.2
7fb44db36000-7fb44db37000 r--p 00008000 08:01 13651325                   /usr/lib/x86_64-linux-gnu/libXcursor.so.1.0.2
7fb44db37000-7fb44db38000 rw-p 00009000 08:01 13651325                   /usr/lib/x86_64-linux-gnu/libXcursor.so.1.0.2
7fb44db38000-7fb44db3b000 ---p 00000000 00:00 0 
7fb44db3b000-7fb44dc39000 rw-p 00000000 00:00 0                          [stack:28024]
7fb44dc39000-7fb44dc3e000 r-xp 00000000 08:01 13638531                   /usr/lib/x86_64-linux-gnu/libXdmcp.so.6.0.0
7fb44dc3e000-7fb44de3d000 ---p 00005000 08:01 13638531                   /usr/lib/x86_64-linux-gnu/libXdmcp.so.6.0.0
7fb44de3d000-7fb44de3e000 r--p 00004000 08:01 13638531                   /usr/lib/x86_64-linux-gnu/libXdmcp.so.6.0.0
7fb44de3e000-7fb44de3f000 rw-p 00005000 08:01 13638531                   /usr/lib/x86_64-linux-gnu/libXdmcp.so.6.0.0
7fb44de3f000-7fb44de41000 r-xp 00000000 08:01 13643570                   /usr/lib/x86_64-linux-gnu/libXau.so.6.0.0
7fb44de41000-7fb44e041000 ---p 00002000 08:01 13643570                   /usr/lib/x86_64-linux-gnu/libXau.so.6.0.0
7fb44e041000-7fb44e042000 r--p 00002000 08:01 13643570                   /usr/lib/x86_64-linux-gnu/libXau.so.6.0.0
7fb44e042000-7fb44e043000 rw-p 00003000 08:01 13643570                   /usr/lib/x86_64-linux-gnu/libXau.so.6.0.0
7fb44e043000-7fb44e060000 r-xp 00000000 08:01 13646441                   /usr/lib/x86_64-linux-gnu/libxcb.so.1.1.0
7fb44e060000-7fb44e260000 ---p 0001d000 08:01 13646441                   /usr/lib/x86_64-linux-gnu/libxcb.so.1.1.0
7fb44e260000-7fb44e261000 r--p 0001d000 08:01 13646441                   /usr/lib/x86_64-linux-gnu/libxcb.so.1.1.0
7fb44e261000-7fb44e262000 rw-p 0001e000 08:01 13646441                   /usr/lib/x86_64-linux-gnu/libxcb.so.1.1.0
7fb44e262000-7fb44e271000 r-xp 00000000 08:01 13647754                   /usr/lib/x86_64-linux-gnu/libXi.so.6.1.0
7fb44e271000-7fb44e470000 ---p 0000f000 08:01 13647754                   /usr/lib/x86_64-linux-gnu/libXi.so.6.1.0
7fb44e470000-7fb44e471000 r--p 0000e000 08:01 13647754                   /usr/lib/x86_64-linux-gnu/libXi.so.6.1.0
7fb44e471000-7fb44e472000 rw-p 0000f000 08:01 13647754                   /usr/lib/x86_64-linux-gnu/libXi.so.6.1.0
7fb44e472000-7fb44e477000 r-xp 00000000 08:01 13645272                   /usr/lib/x86_64-linux-gnu/libXtst.so.6.1.0
7fb44e477000-7fb44e676000 ---p 00005000 08:01 13645272                   /usr/lib/x86_64-linux-gnu/libXtst.so.6.1.0
7fb44e676000-7fb44e677000 r--p 00004000 08:01 13645272                   /usr/lib/x86_64-linux-gnu/libXtst.so.6.1.0
7fb44e677000-7fb44e678000 rw-p 00005000 08:01 13645272                   /usr/lib/x86_64-linux-gnu/libXtst.so.6.1.0
7fb44e678000-7fb44e681000 r-xp 00000000 08:01 13650064                   /usr/lib/x86_64-linux-gnu/libXrender.so.1.3.0
7fb44e681000-7fb44e880000 ---p 00009000 08:01 13650064                   /usr/lib/x86_64-linux-gnu/libXrender.so.1.3.0
7fb44e880000-7fb44e881000 r--p 00008000 08:01 13650064                   /usr/lib/x86_64-linux-gnu/libXrender.so.1.3.0
7fb44e881000-7fb44e882000 rw-p 00009000 08:01 13650064                   /usr/lib/x86_64-linux-gnu/libXrender.so.1.3.0
7fb44e882000-7fb44e9b2000 r-xp 00000000 08:01 13638693                   /usr/lib/x86_64-linux-gnu/libX11.so.6.3.0
7fb44e9b2000-7fb44ebb2000 ---p 00130000 08:01 13638693                   /usr/lib/x86_64-linux-gnu/libX11.so.6.3.0
7fb44ebb2000-7fb44ebb3000 r--p 00130000 08:01 13638693                   /usr/lib/x86_64-linux-gnu/libX11.so.6.3.0
7fb44ebb3000-7fb44ebb7000 rw-p 00131000 08:01 13638693                   /usr/lib/x86_64-linux-gnu/libX11.so.6.3.0
7fb44ebb7000-7fb44ebc8000 r-xp 00000000 08:01 13650033                   /usr/lib/x86_64-linux-gnu/libXext.so.6.4.0
7fb44ebc8000-7fb44edc7000 ---p 00011000 08:01 13650033                   /usr/lib/x86_64-linux-gnu/libXext.so.6.4.0
7fb44edc7000-7fb44edc8000 r--p 00010000 08:01 13650033                   /usr/lib/x86_64-linux-gnu/libXext.so.6.4.0
7fb44edc8000-7fb44edc9000 rw-p 00011000 08:01 13650033                   /usr/lib/x86_64-linux-gnu/libXext.so.6.4.0
7fb44edc9000-7fb44ee19000 r-xp 00000000 08:01 7080446                    /opt/processing-2.2.1/java/lib/amd64/xawt/libmawt.so
7fb44ee19000-7fb44f019000 ---p 00050000 08:01 7080446                    /opt/processing-2.2.1/java/lib/amd64/xawt/libmawt.so
7fb44f019000-7fb44f01d000 rw-p 00050000 08:01 7080446                    /opt/processing-2.2.1/java/lib/amd64/xawt/libmawt.so
7fb44f01d000-7fb44f01e000 rw-p 00000000 00:00 0 
7fb44f01e000-7fb44f0c1000 r-xp 00000000 08:01 7080447                    /opt/processing-2.2.1/java/lib/amd64/libawt.so
7fb44f0c1000-7fb44f2c1000 ---p 000a3000 08:01 7080447                    /opt/processing-2.2.1/java/lib/amd64/libawt.so
7fb44f2c1000-7fb44f2cd000 rw-p 000a3000 08:01 7080447                    /opt/processing-2.2.1/java/lib/amd64/libawt.so
7fb44f2cd000-7fb44f2f1000 rw-p 00000000 00:00 0 
7fb44f2f1000-7fb44f2f2000 ---p 00000000 00:00 0 
7fb44f2f2000-7fb44f3f2000 rw-p 00000000 00:00 0                          [stack:28023]
7fb44f3f2000-7fb44f3f5000 ---p 00000000 00:00 0 
7fb44f3f5000-7fb44f4f3000 rw-p 00000000 00:00 0                          [stack:28022]
7fb44f4f3000-7fb44f4f6000 ---p 00000000 00:00 0 
7fb44f4f6000-7fb44f5f4000 rw-p 00000000 00:00 0                          [stack:28021]
7fb44f5f4000-7fb44f5f7000 ---p 00000000 00:00 0 
7fb44f5f7000-7fb44f6f5000 rw-p 00000000 00:00 0                          [stack:28020]
7fb44f6f5000-7fb44f6f8000 ---p 00000000 00:00 0 
7fb44f6f8000-7fb44f7f6000 rw-p 00000000 00:00 0                          [stack:28014]
7fb44f7f6000-7fb44f7f9000 ---p 00000000 00:00 0 
7fb44f7f9000-7fb44f8f7000 rw-p 00000000 00:00 0                          [stack:28011]
7fb44f8f7000-7fb44f8fa000 ---p 00000000 00:00 0 
7fb44f8fa000-7fb44f9f8000 rw-p 00000000 00:00 0                          [stack:28010]
7fb44f9f8000-7fb44f9fc000 r-xp 00000000 08:01 7080448                    /opt/processing-2.2.1/java/lib/amd64/libdt_socket.so
7fb44f9fc000-7fb44fbfb000 ---p 00004000 08:01 7080448                    /opt/processing-2.2.1/java/lib/amd64/libdt_socket.so
7fb44fbfb000-7fb44fbfc000 rw-p 00003000 08:01 7080448                    /opt/processing-2.2.1/java/lib/amd64/libdt_socket.so
7fb44fbfc000-7fb44fbff000 ---p 00000000 00:00 0 
7fb44fbff000-7fb44fcfd000 rw-p 00000000 00:00 0                          [stack:28009]
7fb44fcfd000-7fb44fd00000 ---p 00000000 00:00 0 
7fb44fd00000-7fb44fdfe000 rw-p 00000000 00:00 0                          [stack:28008]
7fb44fdfe000-7fb44fe01000 ---p 00000000 00:00 0 
7fb44fe01000-7fb44feff000 rw-p 00000000 00:00 0                          [stack:28007]
7fb44feff000-7fb44ff00000 ---p 00000000 00:00 0 
7fb44ff00000-7fb450000000 rw-p 00000000 00:00 0                          [stack:28006]
7fb450000000-7fb450021000 rw-p 00000000 00:00 0 
7fb450021000-7fb454003000 ---p 00000000 00:00 0 
7fb454003000-7fb454039000 rw-p 00000000 00:00 0 
7fb454039000-7fb45403d000 r--s 0007d000 08:01 7080471                    /opt/processing-2.2.1/java/lib/jsse.jar
7fb45403d000-7fb454046000 r--s 0009f000 08:01 7079617                    /opt/processing-2.2.1/lib/pde.jar
7fb454046000-7fb45405a000 r--s 00141000 08:01 7079646                    /opt/processing-2.2.1/lib/org.eclipse.osgi_3.8.1.v20120830-144521.jar
7fb45405a000-7fb45406e000 r--s 00127000 08:01 7079621                    /opt/processing-2.2.1/lib/jna.jar
7fb45406e000-7fb458000000 rw-p 00000000 00:00 0 
7fb458000000-7fb458021000 rw-p 00000000 00:00 0 
7fb458021000-7fb45c000000 ---p 00000000 00:00 0 
7fb45c000000-7fb45c001000 rwxp 00000000 00:00 0 
7fb45c001000-7fb45c002000 rw-s 00000000 00:04 1417270                    /drm mm object (deleted)
7fb45c002000-7fb45c005000 r--s 00041000 08:01 7079620                    /opt/processing-2.2.1/lib/org-netbeans-swing-outline.jar
7fb45c005000-7fb45c012000 r--s 000c6000 08:01 7079623                    /opt/processing-2.2.1/lib/jdimodel.jar
7fb45c012000-7fb45c016000 r--s 0000e000 08:01 7079619                    /opt/processing-2.2.1/lib/jdi.jar
7fb45c016000-7fb45c052000 r--s 00629000 08:01 7079618                    /opt/processing-2.2.1/lib/com.ibm.icu_4.4.2.v20110823.jar
7fb45c052000-7fb45c070000 r--s 001bb000 08:01 7079635                    /opt/processing-2.2.1/lib/ant.jar
7fb45c070000-7fb45c091000 r--s 002d0000 08:01 7079518                    /opt/processing-2.2.1/core/library/jogl-all.jar
7fb45c091000-7fb45ce43000 rw-p 00000000 00:00 0 
7fb45ce43000-7fb45d000000 r--s 031b5000 08:01 7079716                    /opt/processing-2.2.1/java/lib/rt.jar
7fb45d000000-7fb45d2b0000 rwxp 00000000 00:00 0 
7fb45d2b0000-7fb4602d2000 rw-p 00000000 00:00 0 
7fb4602d2000-7fb464000000 ---p 00000000 00:00 0 
7fb464000000-7fb464001000 r--p 00000000 00:00 0 
7fb464001000-7fb464006000 r--s 00068000 08:01 7079644                    /opt/processing-2.2.1/lib/antlr.jar
7fb464006000-7fb464008000 r--s 00002000 08:01 7079634                    /opt/processing-2.2.1/lib/ant-launcher.jar
7fb464008000-7fb464009000 r--s 00000000 08:01 7472510                    /opt/processing-2.2.1/modes/java/libraries/serial/library/serial.jar
7fb464009000-7fb46400a000 r--s 00009000 08:01 7472504                    /opt/processing-2.2.1/modes/java/libraries/serial/library/jssc.jar
7fb46400a000-7fb46400b000 r--s 00005000 08:01 9836112                    /home/goran/sketchbook/libraries/SimpleOpenNI/library/SimpleOpenNI.jar
7fb46400b000-7fb46400c000 r--s 00063000 08:01 7079506                    /opt/processing-2.2.1/core/library/jogl-all-natives-macosx-universal.jar
7fb46400c000-7fb46400d000 r--s 00000000 08:01 7079511                    /opt/processing-2.2.1/core/library/gluegen-rt-natives-linux-amd64.jar
7fb46400d000-7fb46400e000 r--s 00031000 08:01 7079515                    /opt/processing-2.2.1/core/library/jogl-all-natives-linux-amd64.jar
7fb46400e000-7fb46400f000 r--s 00001000 08:01 7079517                    /opt/processing-2.2.1/core/library/gluegen-rt-natives-macosx-universal.jar
7fb46400f000-7fb464010000 r--s 0002d000 08:01 7079505                    /opt/processing-2.2.1/core/library/jogl-all-natives-windows-i586.jar
7fb464010000-7fb464011000 r--s 00001000 08:01 7079520                    /opt/processing-2.2.1/core/library/gluegen-rt-natives-windows-i586.jar
7fb464011000-7fb464013000 r--s 00030000 08:01 7079510                    /opt/processing-2.2.1/core/library/jogl-all-natives-linux-i586.jar
7fb464013000-7fb464019000 r--s 00041000 08:01 7079507                    /opt/processing-2.2.1/core/library/gluegen-rt.jar
7fb464019000-7fb46401a000 r--s 00000000 08:01 7079509                    /opt/processing-2.2.1/core/library/gluegen-rt-natives-linux-i586.jar
7fb46401a000-7fb46401e000 r--s 00097000 08:01 7079512                    /opt/processing-2.2.1/core/library/core.jar
7fb46401e000-7fb464562000 rw-p 00000000 00:00 0 
7fb464562000-7fb464563000 ---p 00000000 00:00 0 
7fb464563000-7fb464663000 rw-p 00000000 00:00 0                          [stack:28005]
7fb464663000-7fb464664000 ---p 00000000 00:00 0 
7fb464664000-7fb464764000 rw-p 00000000 00:00 0                          [stack:28004]
7fb464764000-7fb464765000 ---p 00000000 00:00 0 
7fb464765000-7fb464865000 rw-p 00000000 00:00 0                          [stack:28003]
7fb464865000-7fb464866000 ---p 00000000 00:00 0 
7fb464866000-7fb46498e000 rw-p 00000000 00:00 0                          [stack:28002]
7fb46498e000-7fb464bdc000 rw-p 00000000 00:00 0 
7fb464bdc000-7fb464be7000 rw-p 00000000 00:00 0 
7fb464be7000-7fb464c05000 rw-p 00000000 00:00 0 
7fb464c05000-7fb464c2d000 rw-p 00000000 00:00 0 
7fb464c2d000-7fb464e7a000 rw-p 00000000 00:00 0 
7fb464e7a000-7fb464ef6000 rw-p 00000000 00:00 0 
7fb464ef6000-7fb464f12000 ---p 00000000 00:00 0 
7fb464f12000-7fb464fb5000 rw-p 00000000 00:00 0 
7fb464fb5000-7fb464fb6000 rw-p 00000000 00:00 0 
7fb464fb6000-7fb464fd0000 r-xp 00000000 08:01 7080457                    /opt/processing-2.2.1/java/lib/amd64/libzip.so
7fb464fd0000-7fb4651d0000 ---p 0001a000 08:01 7080457                    /opt/processing-2.2.1/java/lib/amd64/libzip.so
7fb4651d0000-7fb4651d1000 rw-p 0001a000 08:01 7080457                    /opt/processing-2.2.1/java/lib/amd64/libzip.so
7fb4651d1000-7fb4651dc000 r-xp 00000000 08:01 9183321                    /lib/x86_64-linux-gnu/libnss_files-2.19.so
7fb4651dc000-7fb4653db000 ---p 0000b000 08:01 9183321                    /lib/x86_64-linux-gnu/libnss_files-2.19.so
7fb4653db000-7fb4653dc000 r--p 0000a000 08:01 9183321                    /lib/x86_64-linux-gnu/libnss_files-2.19.so
7fb4653dc000-7fb4653dd000 rw-p 0000b000 08:01 9183321                    /lib/x86_64-linux-gnu/libnss_files-2.19.so
7fb4653dd000-7fb4653e8000 r-xp 00000000 08:01 9183324                    /lib/x86_64-linux-gnu/libnss_nis-2.19.so
7fb4653e8000-7fb4655e7000 ---p 0000b000 08:01 9183324                    /lib/x86_64-linux-gnu/libnss_nis-2.19.so
7fb4655e7000-7fb4655e8000 r--p 0000a000 08:01 9183324                    /lib/x86_64-linux-gnu/libnss_nis-2.19.so
7fb4655e8000-7fb4655e9000 rw-p 0000b000 08:01 9183324                    /lib/x86_64-linux-gnu/libnss_nis-2.19.so
7fb4655e9000-7fb465600000 r-xp 00000000 08:01 9175385                    /lib/x86_64-linux-gnu/libnsl-2.19.so
7fb465600000-7fb4657ff000 ---p 00017000 08:01 9175385                    /lib/x86_64-linux-gnu/libnsl-2.19.so
7fb4657ff000-7fb465800000 r--p 00016000 08:01 9175385                    /lib/x86_64-linux-gnu/libnsl-2.19.so
7fb465800000-7fb465801000 rw-p 00017000 08:01 9175385                    /lib/x86_64-linux-gnu/libnsl-2.19.so
7fb465801000-7fb465803000 rw-p 00000000 00:00 0 
7fb465803000-7fb46580c000 r-xp 00000000 08:01 9175111                    /lib/x86_64-linux-gnu/libnss_compat-2.19.so
7fb46580c000-7fb465a0b000 ---p 00009000 08:01 9175111                    /lib/x86_64-linux-gnu/libnss_compat-2.19.so
7fb465a0b000-7fb465a0c000 r--p 00008000 08:01 9175111                    /lib/x86_64-linux-gnu/libnss_compat-2.19.so
7fb465a0c000-7fb465a0d000 rw-p 00009000 08:01 9175111                    /lib/x86_64-linux-gnu/libnss_compat-2.19.so
7fb465a0d000-7fb465cd6000 r--p 00000000 08:01 13650509                   /usr/lib/locale/locale-archive
7fb465cd6000-7fb465cd9000 r-xp 00000000 08:01 7080442                    /opt/processing-2.2.1/java/lib/amd64/libnpt.so
7fb465cd9000-7fb465ed8000 ---p 00003000 08:01 7080442                    /opt/processing-2.2.1/java/lib/amd64/libnpt.so
7fb465ed8000-7fb465ed9000 rw-p 00002000 08:01 7080442                    /opt/processing-2.2.1/java/lib/amd64/libnpt.so
7fb465ed9000-7fb465f12000 r-xp 00000000 08:01 7080455                    /opt/processing-2.2.1/java/lib/amd64/libjdwp.so
7fb465f12000-7fb466112000 ---p 00039000 08:01 7080455                    /opt/processing-2.2.1/java/lib/amd64/libjdwp.so
7fb466112000-7fb466113000 rw-p 00039000 08:01 7080455                    /opt/processing-2.2.1/java/lib/amd64/libjdwp.so
7fb466113000-7fb466114000 rw-p 00000000 00:00 0 
7fb466114000-7fb46613d000 r-xp 00000000 08:01 7080468                    /opt/processing-2.2.1/java/lib/amd64/libjava.so
7fb46613d000-7fb46633d000 ---p 00029000 08:01 7080468                    /opt/processing-2.2.1/java/lib/amd64/libjava.so
7fb46633d000-7fb46633f000 rw-p 00029000 08:01 7080468                    /opt/processing-2.2.1/java/lib/amd64/libjava.so
7fb46633f000-7fb46634c000 r-xp 00000000 08:01 7080427                    /opt/processing-2.2.1/java/lib/amd64/libverify.so
7fb46634c000-7fb46654b000 ---p 0000d000 08:01 7080427                    /opt/processing-2.2.1/java/lib/amd64/libverify.so
7fb46654b000-7fb46654d000 rw-p 0000c000 08:01 7080427                    /opt/processing-2.2.1/java/lib/amd64/libverify.so
7fb46654d000-7fb466554000 r-xp 00000000 08:01 9182853                    /lib/x86_64-linux-gnu/librt-2.19.so
7fb466554000-7fb466753000 ---p 00007000 08:01 9182853                    /lib/x86_64-linux-gnu/librt-2.19.so
7fb466753000-7fb466754000 r--p 00006000 08:01 9182853                    /lib/x86_64-linux-gnu/librt-2.19.so
7fb466754000-7fb466755000 rw-p 00007000 08:01 9182853                    /lib/x86_64-linux-gnu/librt-2.19.so
7fb466755000-7fb46685a000 r-xp 00000000 08:01 9183315                    /lib/x86_64-linux-gnu/libm-2.19.so
7fb46685a000-7fb466a59000 ---p 00105000 08:01 9183315                    /lib/x86_64-linux-gnu/libm-2.19.so
7fb466a59000-7fb466a5a000 r--p 00104000 08:01 9183315                    /lib/x86_64-linux-gnu/libm-2.19.so
7fb466a5a000-7fb466a5b000 rw-p 00105000 08:01 9183315                    /lib/x86_64-linux-gnu/libm-2.19.so
7fb466a5b000-7fb4675bd000 r-xp 00000000 08:01 7080440                    /opt/processing-2.2.1/java/lib/amd64/server/libjvm.so
7fb4675bd000-7fb4677bd000 ---p 00b62000 08:01 7080440                    /opt/processing-2.2.1/java/lib/amd64/server/libjvm.so
7fb4677bd000-7fb467880000 rw-p 00b62000 08:01 7080440                    /opt/processing-2.2.1/java/lib/amd64/server/libjvm.so
7fb467880000-7fb4678c1000 rw-p 00000000 00:00 0 
7fb4678c1000-7fb467a7c000 r-xp 00000000 08:01 9183268                    /lib/x86_64-linux-gnu/libc-2.19.so
7fb467a7c000-7fb467c7c000 ---p 001bb000 08:01 9183268                    /lib/x86_64-linux-gnu/libc-2.19.so
7fb467c7c000-7fb467c80000 r--p 001bb000 08:01 9183268                    /lib/x86_64-linux-gnu/libc-2.19.so
7fb467c80000-7fb467c82000 rw-p 001bf000 08:01 9183268                    /lib/x86_64-linux-gnu/libc-2.19.so
7fb467c82000-7fb467c87000 rw-p 00000000 00:00 0 
7fb467c87000-7fb467c8a000 r-xp 00000000 08:01 9184148                    /lib/x86_64-linux-gnu/libdl-2.19.so
7fb467c8a000-7fb467e89000 ---p 00003000 08:01 9184148                    /lib/x86_64-linux-gnu/libdl-2.19.so
7fb467e89000-7fb467e8a000 r--p 00002000 08:01 9184148                    /lib/x86_64-linux-gnu/libdl-2.19.so
7fb467e8a000-7fb467e8b000 rw-p 00003000 08:01 9184148                    /lib/x86_64-linux-gnu/libdl-2.19.so
7fb467e8b000-7fb467ea1000 r-xp 00000000 08:01 7080424                    /opt/processing-2.2.1/java/lib/amd64/jli/libjli.so
7fb467ea1000-7fb4680a1000 ---p 00016000 08:01 7080424                    /opt/processing-2.2.1/java/lib/amd64/jli/libjli.so
7fb4680a1000-7fb4680a2000 rw-p 00016000 08:01 7080424                    /opt/processing-2.2.1/java/lib/amd64/jli/libjli.so
7fb4680a2000-7fb4680bb000 r-xp 00000000 08:01 9184149                    /lib/x86_64-linux-gnu/libpthread-2.19.so
7fb4680bb000-7fb4682ba000 ---p 00019000 08:01 9184149                    /lib/x86_64-linux-gnu/libpthread-2.19.so
7fb4682ba000-7fb4682bb000 r--p 00018000 08:01 9184149                    /lib/x86_64-linux-gnu/libpthread-2.19.so
7fb4682bb000-7fb4682bc000 rw-p 00019000 08:01 9184149                    /lib/x86_64-linux-gnu/libpthread-2.19.so
7fb4682bc000-7fb4682c0000 rw-p 00000000 00:00 0 
7fb4682c0000-7fb4682e3000 r-xp 00000000 08:01 9183271                    /lib/x86_64-linux-gnu/ld-2.19.so
7fb4682e3000-7fb4682e4000 r--s 00022000 08:01 7079513                    /opt/processing-2.2.1/core/library/jogl-all-natives-linux-armv6hf.jar
7fb4682e4000-7fb4682e5000 r--s 00034000 08:01 7079516                    /opt/processing-2.2.1/core/library/jogl-all-natives-windows-amd64.jar
7fb4682e5000-7fb4682f0000 rw-p 00000000 00:00 0 
7fb4682f0000-7fb4683a5000 rw-p 00000000 00:00 0 
7fb4683a5000-7fb4683a8000 ---p 00000000 00:00 0 
7fb4683a8000-7fb4684aa000 rw-p 00000000 00:00 0                          [stack:28001]
7fb4684aa000-7fb4684ab000 r--s 00000000 08:01 7079519                    /opt/processing-2.2.1/core/library/gluegen-rt-natives-linux-armv6hf.jar
7fb4684ab000-7fb4684ac000 r--s 00001000 08:01 7079508                    /opt/processing-2.2.1/core/library/gluegen-rt-natives-windows-amd64.jar
7fb4684ac000-7fb4684b8000 rw-p 00000000 00:00 0 
7fb4684b8000-7fb4684d6000 rw-p 00000000 00:00 0 
7fb4684d6000-7fb4684de000 rw-s 00000000 08:01 8782243                    /tmp/hsperfdata_goran/27999
7fb4684de000-7fb4684df000 rw-p 00000000 00:00 0 
7fb4684df000-7fb4684e0000 r--p 00000000 00:00 0 
7fb4684e0000-7fb4684e2000 rw-p 00000000 00:00 0 
7fb4684e2000-7fb4684e3000 r--p 00022000 08:01 9183271                    /lib/x86_64-linux-gnu/ld-2.19.so
7fb4684e3000-7fb4684e4000 rw-p 00023000 08:01 9183271                    /lib/x86_64-linux-gnu/ld-2.19.so
7fb4684e4000-7fb4684e5000 rw-p 00000000 00:00 0 
7fff0ee28000-7fff0ee4a000 rw-p 00000000 00:00 0                          [stack]
7fff0ef23000-7fff0ef25000 r-xp 00000000 00:00 0                          [vdso]
ffffffffff600000-ffffffffff601000 r-xp 00000000 00:00 0                  [vsyscall]

VM Arguments:
jvm_args: -agentlib:jdwp=transport=dt_socket,address=8116,server=y,suspend=y -Djava.library.path=:/home/goran/sketchbook/libraries/SimpleOpenNI/library/linux64:/opt/processing-2.2.1/modes/java/libraries/serial/library/linux64:/usr/java/packages/lib/amd64:/usr/lib64:/lib64:/lib:/usr/lib -ea 
java_command: processing.core.PApplet --display=0 dlectricity2014 --sketch-path=/home/goran/sketchbook/dlectricity2014
Launcher Type: SUN_STANDARD

Environment Variables:
CLASSPATH=/opt/processing-2.2.1/java/lib/rt.jar:/opt/processing-2.2.1/lib/ant-launcher.jar:/opt/processing-2.2.1/lib/ant.jar:/opt/processing-2.2.1/lib/antlr.jar:/opt/processing-2.2.1/lib/com.ibm.icu_4.4.2.v20110823.jar:/opt/processing-2.2.1/lib/jdi.jar:/opt/processing-2.2.1/lib/jdimodel.jar:/opt/processing-2.2.1/lib/jna.jar:/opt/processing-2.2.1/lib/org-netbeans-swing-outline.jar:/opt/processing-2.2.1/lib/org.eclipse.osgi_3.8.1.v20120830-144521.jar:/opt/processing-2.2.1/lib/pde.jar:/opt/processing-2.2.1/core/library/core.jar:/opt/processing-2.2.1/core/library/gluegen-rt-natives-linux-amd64.jar:/opt/processing-2.2.1/core/library/gluegen-rt-natives-linux-armv6hf.jar:/opt/processing-2.2.1/core/library/gluegen-rt-natives-linux-i586.jar:/opt/processing-2.2.1/core/library/gluegen-rt-natives-macosx-universal.jar:/opt/processing-2.2.1/core/library/gluegen-rt-natives-windows-amd64.jar:/opt/processing-2.2.1/core/library/gluegen-rt-natives-windows-i586.jar:/opt/processing-2.2.1/core/library/gluegen-rt.jar:/opt/processing-2.2.1/core/library/jogl-all-natives-linux-amd64.jar:/opt/processing-2.2.1/core/library/jogl-all-natives-linux-armv6hf.jar:/opt/processing-2.2.1/core/library/jogl-all-natives-linux-i586.jar:/opt/processing-2.2.1/core/library/jogl-all-natives-macosx-universal.jar:/opt/processing-2.2.1/core/library/jogl-all-natives-windows-amd64.jar:/opt/processing-2.2.1/core/library/jogl-all-natives-windows-i586.jar:/opt/processing-2.2.1/core/library/jogl-all.jar
PATH=/opt/processing-2.2.1/java/bin:/home/goran/bin:/usr/local/sbin:/usr/local/bin:/usr/sbin:/usr/bin:/sbin:/bin:/usr/games:/usr/local/games
SHELL=/bin/bash
DISPLAY=:0

Signal Handlers:
SIGSEGV: [libjvm.so+0x992d50], sa_mask[0]=0x7ffbfeff, sa_flags=0x10000004
SIGBUS: [libjvm.so+0x992d50], sa_mask[0]=0x7ffbfeff, sa_flags=0x10000004
SIGFPE: [libjvm.so+0x80fb00], sa_mask[0]=0x7ffbfeff, sa_flags=0x10000004
SIGPIPE: [libjvm.so+0x80fb00], sa_mask[0]=0x7ffbfeff, sa_flags=0x10000004
SIGXFSZ: [libjvm.so+0x80fb00], sa_mask[0]=0x7ffbfeff, sa_flags=0x10000004
SIGILL: [libjvm.so+0x80fb00], sa_mask[0]=0x7ffbfeff, sa_flags=0x10000004
SIGUSR1: SIG_DFL, sa_mask[0]=0x00000000, sa_flags=0x00000000
SIGUSR2: [libjvm.so+0x810ff0], sa_mask[0]=0x00000004, sa_flags=0x10000004
SIGHUP: [libjvm.so+0x811f60], sa_mask[0]=0x7ffbfeff, sa_flags=0x10000004
SIGINT: [libjvm.so+0x811f60], sa_mask[0]=0x7ffbfeff, sa_flags=0x10000004
SIGTERM: [libjvm.so+0x811f60], sa_mask[0]=0x7ffbfeff, sa_flags=0x10000004
SIGQUIT: [libjvm.so+0x811f60], sa_mask[0]=0x7ffbfeff, sa_flags=0x10000004


---------------  S Y S T E M  ---------------

OS:jessie/sid

uname:Linux 3.13.0-35-generic #62-Ubuntu SMP Fri Aug 15 01:58:42 UTC 2014 x86_64
libc:glibc 2.19 NPTL 2.19 
rlimit: STACK 8192k, CORE 0k, NPROC 60166, NOFILE 4096, AS infinity
load average:2.60 2.71 2.24

/proc/meminfo:
MemTotal:        7730828 kB
MemFree:          190936 kB
Buffers:          393812 kB
Cached:          3122848 kB
SwapCached:         2088 kB
Active:          4826652 kB
Inactive:        2232612 kB
Active(anon):    3164900 kB
Inactive(anon):  1003688 kB
Active(file):    1661752 kB
Inactive(file):  1228924 kB
Unevictable:          32 kB
Mlocked:              32 kB
SwapTotal:       7935996 kB
SwapFree:        7902864 kB
Dirty:               340 kB
Writeback:             0 kB
AnonPages:       3540496 kB
Mapped:           388596 kB
Shmem:            625984 kB
Slab:             346696 kB
SReclaimable:     306560 kB
SUnreclaim:        40136 kB
KernelStack:        5392 kB
PageTables:        48032 kB
NFS_Unstable:          0 kB
Bounce:                0 kB
WritebackTmp:          0 kB
CommitLimit:    11801408 kB
Committed_AS:    7707408 kB
VmallocTotal:   34359738367 kB
VmallocUsed:      361488 kB
VmallocChunk:   34359364220 kB
HardwareCorrupted:     0 kB
AnonHugePages:   1583104 kB
HugePages_Total:       0
HugePages_Free:        0
HugePages_Rsvd:        0
HugePages_Surp:        0
Hugepagesize:       2048 kB
DirectMap4k:      103324 kB
DirectMap2M:     7833600 kB


CPU:total 4 (2 cores per cpu, 2 threads per core) family 6 model 58 stepping 9, cmov, cx8, fxsr, mmx, sse, sse2, sse3, ssse3, sse4.1, sse4.2, popcnt, avx, aes, erms, ht, tsc, tscinvbit, tscinv

/proc/cpuinfo:
processor	: 0
vendor_id	: GenuineIntel
cpu family	: 6
model		: 58
model name	: Intel(R) Core(TM) i7-3537U CPU @ 2.00GHz
stepping	: 9
microcode	: 0x17
cpu MHz		: 1600.000
cache size	: 4096 KB
physical id	: 0
siblings	: 4
core id		: 0
cpu cores	: 2
apicid		: 0
initial apicid	: 0
fpu		: yes
fpu_exception	: yes
cpuid level	: 13
wp		: yes
flags		: fpu vme de pse tsc msr pae mce cx8 apic sep mtrr pge mca cmov pat pse36 clflush dts acpi mmx fxsr sse sse2 ss ht tm pbe syscall nx rdtscp lm constant_tsc arch_perfmon pebs bts rep_good nopl xtopology nonstop_tsc aperfmperf eagerfpu pni pclmulqdq dtes64 monitor ds_cpl vmx est tm2 ssse3 cx16 xtpr pdcm pcid sse4_1 sse4_2 x2apic popcnt tsc_deadline_timer aes xsave avx f16c rdrand lahf_lm ida arat epb xsaveopt pln pts dtherm tpr_shadow vnmi flexpriority ept vpid fsgsbase smep erms
bogomips	: 4988.40
clflush size	: 64
cache_alignment	: 64
address sizes	: 36 bits physical, 48 bits virtual
power management:

processor	: 1
vendor_id	: GenuineIntel
cpu family	: 6
model		: 58
model name	: Intel(R) Core(TM) i7-3537U CPU @ 2.00GHz
stepping	: 9
microcode	: 0x17
cpu MHz		: 2000.000
cache size	: 4096 KB
physical id	: 0
siblings	: 4
core id		: 0
cpu cores	: 2
apicid		: 1
initial apicid	: 1
fpu		: yes
fpu_exception	: yes
cpuid level	: 13
wp		: yes
flags		: fpu vme de pse tsc msr pae mce cx8 apic sep mtrr pge mca cmov pat pse36 clflush dts acpi mmx fxsr sse sse2 ss ht tm pbe syscall nx rdtscp lm constant_tsc arch_perfmon pebs bts rep_good nopl xtopology nonstop_tsc aperfmperf eagerfpu pni pclmulqdq dtes64 monitor ds_cpl vmx est tm2 ssse3 cx16 xtpr pdcm pcid sse4_1 sse4_2 x2apic popcnt tsc_deadline_timer aes xsave avx f16c rdrand lahf_lm ida arat epb xsaveopt pln pts dtherm tpr_shadow vnmi flexpriority ept vpid fsgsbase smep erms
bogomips	: 4988.40
clflush size	: 64
cache_alignment	: 64
address sizes	: 36 bits physical, 48 bits virtual
power management:

processor	: 2
vendor_id	: GenuineIntel
cpu family	: 6
model		: 58
model name	: Intel(R) Core(TM) i7-3537U CPU @ 2.00GHz
stepping	: 9
microcode	: 0x17
cpu MHz		: 2000.000
cache size	: 4096 KB
physical id	: 0
siblings	: 4
core id		: 1
cpu cores	: 2
apicid		: 2
initial apicid	: 2
fpu		: yes
fpu_exception	: yes
cpuid level	: 13
wp		: yes
flags		: fpu vme de pse tsc msr pae mce cx8 apic sep mtrr pge mca cmov pat pse36 clflush dts acpi mmx fxsr sse sse2 ss ht tm pbe syscall nx rdtscp lm constant_tsc arch_perfmon pebs bts rep_good nopl xtopology nonstop_tsc aperfmperf eagerfpu pni pclmulqdq dtes64 monitor ds_cpl vmx est tm2 ssse3 cx16 xtpr pdcm pcid sse4_1 sse4_2 x2apic popcnt tsc_deadline_timer aes xsave avx f16c rdrand lahf_lm ida arat epb xsaveopt pln pts dtherm tpr_shadow vnmi flexpriority ept vpid fsgsbase smep erms
bogomips	: 4988.40
clflush size	: 64
cache_alignment	: 64
address sizes	: 36 bits physical, 48 bits virtual
power management:

processor	: 3
vendor_id	: GenuineIntel
cpu family	: 6
model		: 58
model name	: Intel(R) Core(TM) i7-3537U CPU @ 2.00GHz
stepping	: 9
microcode	: 0x17
cpu MHz		: 2000.000
cache size	: 4096 KB
physical id	: 0
siblings	: 4
core id		: 1
cpu cores	: 2
apicid		: 3
initial apicid	: 3
fpu		: yes
fpu_exception	: yes
cpuid level	: 13
wp		: yes
flags		: fpu vme de pse tsc msr pae mce cx8 apic sep mtrr pge mca cmov pat pse36 clflush dts acpi mmx fxsr sse sse2 ss ht tm pbe syscall nx rdtscp lm constant_tsc arch_perfmon pebs bts rep_good nopl xtopology nonstop_tsc aperfmperf eagerfpu pni pclmulqdq dtes64 monitor ds_cpl vmx est tm2 ssse3 cx16 xtpr pdcm pcid sse4_1 sse4_2 x2apic popcnt tsc_deadline_timer aes xsave avx f16c rdrand lahf_lm ida arat epb xsaveopt pln pts dtherm tpr_shadow vnmi flexpriority ept vpid fsgsbase smep erms
bogomips	: 4988.40
clflush size	: 64
cache_alignment	: 64
address sizes	: 36 bits physical, 48 bits virtual
power management:



Memory: 4k page, physical 7730828k(190936k free), swap 7935996k(7902864k free)

vm_info: Java HotSpot(TM) 64-Bit Server VM (24.0-b56) for linux-amd64 JRE (1.7.0_40-b43), built on Aug 26 2013 23:53:33 by "java_re" with gcc 4.3.0 20080428 (Red Hat 4.3.0-8)

time: Thu Sep  4 22:35:21 2014
elapsed time: 1851 seconds

